<?xml version="1.0" encoding="utf-8"?><testsuites name="pytest tests"><testsuite name="pytest" errors="0" failures="1" skipped="10" tests="1094" time="23.085" timestamp="2025-12-26T17:25:27.711697+00:00" hostname="runnervmh13bl"><testcase classname="tests.unit.security.test_guardrails_orchestrator.TestGuardrailContext" name="test_default_values" time="0.009" /><testcase classname="tests.unit.security.test_guardrails_orchestrator.TestGuardrailContext" name="test_custom_values" time="0.001" /><testcase classname="tests.unit.security.test_guardrails_orchestrator.TestGuardrailResult" name="test_passed_result" time="0.001" /><testcase classname="tests.unit.security.test_guardrails_orchestrator.TestGuardrailResult" name="test_failed_result" time="0.001" /><testcase classname="tests.unit.security.test_guardrails_orchestrator.TestEnforceRequestGuardrails" name="test_allow_with_valid_auth" time="0.003" /><testcase classname="tests.unit.security.test_guardrails_orchestrator.TestEnforceRequestGuardrails" name="test_deny_without_auth" time="0.002" /><testcase classname="tests.unit.security.test_guardrails_orchestrator.TestEnforceRequestGuardrails" name="test_all_checks_pass" time="0.001" /><testcase classname="tests.unit.security.test_guardrails_orchestrator.TestEnforceRequestGuardrails" name="test_metadata_included" time="0.002" /><testcase classname="tests.unit.security.test_guardrails_orchestrator.TestEnforceRequestGuardrails" name="test_sdk_preflight_no_request" time="0.001" /><testcase classname="tests.unit.security.test_guardrails_orchestrator.TestEnforceLLMGuardrails" name="test_safe_prompt" time="0.002" /><testcase classname="tests.unit.security.test_guardrails_orchestrator.TestEnforceLLMGuardrails" name="test_unsafe_prompt" time="0.002" /><testcase classname="tests.unit.security.test_guardrails_orchestrator.TestEnforceLLMGuardrails" name="test_safe_prompt_and_response" time="0.002" /><testcase classname="tests.unit.security.test_guardrails_orchestrator.TestEnforceLLMGuardrails" name="test_unsafe_response" time="0.002" /><testcase classname="tests.unit.security.test_guardrails_orchestrator.TestStrideScenarios" name="test_spoofing_scenario_missing_auth" time="0.001" /><testcase classname="tests.unit.security.test_guardrails_orchestrator.TestStrideScenarios" name="test_denial_of_service_scenario_rate_limit" time="0.001" /><testcase classname="tests.unit.security.test_guardrails_orchestrator.TestStrideScenarios" name="test_elevation_of_privilege_scenario_authorization" time="0.001" /><testcase classname="tests.unit.security.test_guardrails_orchestrator" name="test_policy_decision_structure" time="0.001" /><testcase classname="tests.unit.security.test_policy_engine.TestPolicyContext" name="test_default_values" time="0.001" /><testcase classname="tests.unit.security.test_policy_engine.TestPolicyContext" name="test_custom_values" time="0.001" /><testcase classname="tests.unit.security.test_policy_engine.TestPolicyDecisionDetail" name="test_allow_decision" time="0.001" /><testcase classname="tests.unit.security.test_policy_engine.TestPolicyDecisionDetail" name="test_deny_decision" time="0.001" /><testcase classname="tests.unit.security.test_policy_engine.TestPolicyDecisionDetail" name="test_to_dict" time="0.001" /><testcase classname="tests.unit.security.test_policy_engine.TestEvaluateRequestPolicy" name="test_allow_with_valid_auth" time="0.001" /><testcase classname="tests.unit.security.test_policy_engine.TestEvaluateRequestPolicy" name="test_deny_without_auth" time="0.001" /><testcase classname="tests.unit.security.test_policy_engine.TestEvaluateRequestPolicy" name="test_deny_on_rate_limit" time="0.001" /><testcase classname="tests.unit.security.test_policy_engine.TestEvaluateRequestPolicy" name="test_allow_on_public_route" time="0.001" /><testcase classname="tests.unit.security.test_policy_engine.TestEvaluateRequestPolicy" name="test_deny_admin_without_admin_role" time="0.001" /><testcase classname="tests.unit.security.test_policy_engine.TestEvaluateRequestPolicy" name="test_allow_admin_with_admin_role" time="0.001" /><testcase classname="tests.unit.security.test_policy_engine.TestEvaluateRequestPolicy" name="test_deny_oversized_payload" time="0.001" /><testcase classname="tests.unit.security.test_policy_engine.TestEvaluateRequestPolicy" name="test_multiple_policy_violations" time="0.001" /><testcase classname="tests.unit.security.test_policy_engine.TestEvaluateRequestPolicy" name="test_metadata_included" time="0.001" /><testcase classname="tests.unit.security.test_policy_engine.TestEvaluateLLMOutputPolicy" name="test_allow_safe_prompt" time="0.001" /><testcase classname="tests.unit.security.test_policy_engine.TestEvaluateLLMOutputPolicy" name="test_deny_unsafe_prompt" time="0.001" /><testcase classname="tests.unit.security.test_policy_engine.TestEvaluateLLMOutputPolicy" name="test_deny_unsafe_output" time="0.001" /><testcase classname="tests.unit.security.test_policy_engine.TestEvaluateLLMOutputPolicy" name="test_allow_safe_prompt_and_output" time="0.001" /><testcase classname="tests.unit.security.test_policy_engine.TestEvaluateLLMOutputPolicy" name="test_deny_content_policy_violation" time="0.001" /><testcase classname="tests.unit.security.test_policy_engine.TestEvaluateLLMOutputPolicy" name="test_metadata_includes_prompt_details" time="0.001" /><testcase classname="tests.unit.security.test_policy_engine.TestEvaluateLLMOutputPolicy" name="test_critical_violations_blocked" time="0.001" /><testcase classname="tests.unit.security.test_policy_engine" name="test_request_policy_scenarios[context_params0-True-expected_stride0]" time="0.001" /><testcase classname="tests.unit.security.test_policy_engine" name="test_request_policy_scenarios[context_params1-False-expected_stride1]" time="0.001" /><testcase classname="tests.unit.security.test_policy_engine" name="test_request_policy_scenarios[context_params2-False-expected_stride2]" time="0.001" /><testcase classname="tests.unit.security.test_policy_engine" name="test_request_policy_scenarios[context_params3-False-expected_stride3]" time="0.001" /><testcase classname="tests.unit.security.test_policy_engine" name="test_llm_policy_scenarios[Tell me a story-none-violations0-True]" time="0.001" /><testcase classname="tests.unit.security.test_policy_engine" name="test_llm_policy_scenarios[Hello world-low-violations1-True]" time="0.001" /><testcase classname="tests.unit.security.test_policy_engine" name="test_llm_policy_scenarios[Ignore previous-high-violations2-False]" time="0.001" /><testcase classname="tests.unit.security.test_policy_engine" name="test_llm_policy_scenarios[rm -rf /-critical-violations3-False]" time="0.001" /><testcase classname="tests.unit.security.test_policy_engine" name="test_llm_policy_scenarios[Normal question-medium-violations4-True]" time="0.001" /><testcase classname="tests.unit.test_aphasia_config.TestAphasiaDetectionDisable" name="test_aphasia_detection_can_be_disabled" time="0.003" /><testcase classname="tests.unit.test_aphasia_config.TestAphasiaDetectionDisable" name="test_default_detection_enabled" time="0.001" /><testcase classname="tests.unit.test_aphasia_config.TestAphasiaRepairDisable" name="test_aphasia_repair_can_be_disabled" time="0.006" /><testcase classname="tests.unit.test_aphasia_config.TestAphasiaRepairDisable" name="test_repair_enabled_with_detection" time="0.004" /><testcase classname="tests.unit.test_aphasia_config.TestAphasiaSeverityThreshold" name="test_low_threshold_triggers_repair" time="0.003" /><testcase classname="tests.unit.test_aphasia_config.TestAphasiaSeverityThreshold" name="test_high_threshold_prevents_repair" time="0.003" /><testcase classname="tests.unit.test_aphasia_config.TestAphasiaSeverityThreshold" name="test_threshold_respected_at_boundary" time="0.003" /><testcase classname="tests.unit.test_aphasia_config.TestBackwardCompatibility" name="test_default_behavior_unchanged" time="0.003" /><testcase classname="tests.unit.test_aphasia_config.TestBackwardCompatibility" name="test_healthy_response_not_affected" time="0.003" /><testcase classname="tests.unit.test_aphasia_config.TestConfigurationValidation" name="test_boolean_config_parameters" time="0.003" /><testcase classname="tests.unit.test_aphasia_config.TestConfigurationValidation" name="test_threshold_float_conversion" time="0.002" /><testcase classname="tests.unit.test_aphasia_config.TestMonitoringMode" name="test_monitoring_mode_configuration" time="0.003" /><testcase classname="tests.unit.test_api_health.TestLivenessEndpoint" name="test_liveness_returns_200" time="0.007" /><testcase classname="tests.unit.test_api_health.TestLivenessEndpoint" name="test_liveness_response_structure" time="0.006" /><testcase classname="tests.unit.test_api_health.TestLivenessEndpoint" name="test_liveness_timestamp_valid" time="0.005" /><testcase classname="tests.unit.test_api_health.TestReadinessEndpoint" name="test_readiness_returns_response" time="0.005" /><testcase classname="tests.unit.test_api_health.TestReadinessEndpoint" name="test_readiness_response_structure" time="0.005" /><testcase classname="tests.unit.test_api_health.TestReadinessEndpoint" name="test_readiness_checks_present" time="0.005" /><testcase classname="tests.unit.test_api_health.TestReadinessEndpoint" name="test_readiness_not_ready_without_manager" time="0.005" /><testcase classname="tests.unit.test_api_health.TestReadinessEndpoint" name="test_readiness_status_matches_code" time="0.005" /><testcase classname="tests.unit.test_api_health.TestDetailedHealthEndpoint" name="test_detailed_returns_response" time="0.106" /><testcase classname="tests.unit.test_api_health.TestDetailedHealthEndpoint" name="test_detailed_response_structure" time="0.106" /><testcase classname="tests.unit.test_api_health.TestDetailedHealthEndpoint" name="test_detailed_system_info" time="0.106" /><testcase classname="tests.unit.test_api_health.TestDetailedHealthEndpoint" name="test_detailed_uptime_positive" time="0.106" /><testcase classname="tests.unit.test_api_health.TestDetailedHealthEndpoint" name="test_detailed_without_manager" time="0.106" /><testcase classname="tests.unit.test_api_health.TestMemoryManagerIntegration" name="test_readiness_with_manager" time="0.007" /><testcase classname="tests.unit.test_api_health.TestMemoryManagerIntegration" name="test_detailed_with_manager" time="0.106" /><testcase classname="tests.unit.test_api_health.TestMemoryManagerIntegration" name="test_detailed_memory_norms" time="0.106" /><testcase classname="tests.unit.test_api_health.TestHealthManagerSetGet" name="test_set_and_get_manager" time="0.001" /><testcase classname="tests.unit.test_api_health.TestHealthManagerSetGet" name="test_get_manager_none" time="0.001" /><testcase classname="tests.unit.test_api_health.TestMetricsEndpoint" name="test_metrics_returns_200" time="0.006" /><testcase classname="tests.unit.test_api_health.TestMetricsEndpoint" name="test_metrics_content_type" time="0.006" /><testcase classname="tests.unit.test_api_health.TestMetricsEndpoint" name="test_metrics_contains_mlsdm_metrics" time="0.006" /><testcase classname="tests.unit.test_api_health.TestMetricsEndpoint" name="test_metrics_prometheus_format" time="0.006" /><testcase classname="tests.unit.test_api_health_models.TestSimpleHealthStatus" name="test_simple_health_status_creation" time="0.001" /><testcase classname="tests.unit.test_api_health_models.TestSimpleHealthStatus" name="test_simple_health_status_unhealthy" time="0.001" /><testcase classname="tests.unit.test_api_health_models.TestHealthStatus" name="test_health_status_creation" time="0.001" /><testcase classname="tests.unit.test_api_health_models.TestReadinessStatus" name="test_readiness_status_creation" time="0.001" /><testcase classname="tests.unit.test_api_health_models.TestReadinessStatus" name="test_readiness_status_not_ready" time="0.001" /><testcase classname="tests.unit.test_api_health_models.TestDetailedHealthStatus" name="test_detailed_health_status_creation" time="0.001" /><testcase classname="tests.unit.test_api_health_models.TestDetailedHealthStatus" name="test_detailed_health_status_without_optional_fields" time="0.001" /><testcase classname="tests.unit.test_api_health_models.TestMemoryManagerReference" name="test_set_memory_manager" time="0.001" /><testcase classname="tests.unit.test_api_health_models.TestMemoryManagerReference" name="test_get_memory_manager_when_none" time="0.001" /><testcase classname="tests.unit.test_api_health_models.TestMemoryManagerReference" name="test_set_memory_manager_twice" time="0.001" /><testcase classname="tests.unit.test_array_pool.TestArrayPoolBasics" name="test_init_default_config" time="0.001" /><testcase classname="tests.unit.test_array_pool.TestArrayPoolBasics" name="test_init_custom_config" time="0.001" /><testcase classname="tests.unit.test_array_pool.TestArrayPoolBasics" name="test_get_allocates_array" time="0.001" /><testcase classname="tests.unit.test_array_pool.TestArrayPoolBasics" name="test_get_with_fill_value" time="0.001" /><testcase classname="tests.unit.test_array_pool.TestArrayPoolBasics" name="test_put_and_reuse" time="0.001" /><testcase classname="tests.unit.test_array_pool.TestArrayPoolBasics" name="test_different_shapes_not_reused" time="0.001" /><testcase classname="tests.unit.test_array_pool.TestArrayPoolBasics" name="test_different_dtypes_not_reused" time="0.001" /><testcase classname="tests.unit.test_array_pool.TestArrayPoolLimits" name="test_max_arrays_per_shape" time="0.001" /><testcase classname="tests.unit.test_array_pool.TestArrayPoolLimits" name="test_max_total_bytes" time="0.001" /><testcase classname="tests.unit.test_array_pool.TestArrayPoolStats" name="test_stats_tracking" time="0.001" /><testcase classname="tests.unit.test_array_pool.TestArrayPoolStats" name="test_reset_stats" time="0.001" /><testcase classname="tests.unit.test_array_pool.TestArrayPoolStats" name="test_clear" time="0.001" /><testcase classname="tests.unit.test_array_pool.TestArrayPoolDisabled" name="test_disabled_always_allocates" time="0.001" /><testcase classname="tests.unit.test_array_pool.TestArrayPoolDisabled" name="test_disabled_put_returns_false" time="0.001" /><testcase classname="tests.unit.test_array_pool.TestArrayPoolGlobalDefault" name="test_get_default_pool" time="0.001" /><testcase classname="tests.unit.test_array_pool.TestArrayPoolGlobalDefault" name="test_clear_default_pool" time="0.001" /><testcase classname="tests.unit.test_array_pool.TestArrayPoolThreadSafety" name="test_concurrent_access" time="0.005" /><testcase classname="tests.unit.test_bulkhead.TestBulkheadBasic" name="test_bulkhead_initialization" time="0.001" /><testcase classname="tests.unit.test_bulkhead.TestBulkheadBasic" name="test_bulkhead_custom_config" time="0.001" /><testcase classname="tests.unit.test_bulkhead.TestBulkheadBasic" name="test_acquire_and_release_context_manager" time="0.001" /><testcase classname="tests.unit.test_bulkhead.TestBulkheadBasic" name="test_try_acquire_and_release" time="0.001" /><testcase classname="tests.unit.test_bulkhead.TestBulkheadConcurrencyLimits" name="test_concurrency_limit_enforced" time="0.101" /><testcase classname="tests.unit.test_bulkhead.TestBulkheadConcurrencyLimits" name="test_context_manager_raises_when_full" time="0.101" /><testcase classname="tests.unit.test_bulkhead.TestBulkheadConcurrencyLimits" name="test_compartments_are_independent" time="0.101" /><testcase classname="tests.unit.test_bulkhead.TestBulkheadTimeout" name="test_timeout_waiting_for_slot" time="0.201" /><testcase classname="tests.unit.test_bulkhead.TestBulkheadTimeout" name="test_zero_timeout_no_wait" time="0.001" /><testcase classname="tests.unit.test_bulkhead.TestBulkheadStatistics" name="test_stats_track_acquires" time="0.001" /><testcase classname="tests.unit.test_bulkhead.TestBulkheadStatistics" name="test_stats_track_rejections" time="0.031" /><testcase classname="tests.unit.test_bulkhead.TestBulkheadStatistics" name="test_stats_average_wait_time" time="0.101" /><testcase classname="tests.unit.test_bulkhead.TestBulkheadStatistics" name="test_get_all_stats" time="0.001" /><testcase classname="tests.unit.test_bulkhead.TestBulkheadStatistics" name="test_reset_stats" time="0.001" /><testcase classname="tests.unit.test_bulkhead.TestBulkheadThreadSafety" name="test_concurrent_acquire_release" time="0.105" /><testcase classname="tests.unit.test_bulkhead.TestBulkheadThreadSafety" name="test_mixed_compartment_concurrent_access" time="0.070" /><testcase classname="tests.unit.test_bulkhead.TestBulkheadThreadSafety" name="test_concurrent_stats_access" time="0.523" /><testcase classname="tests.unit.test_bulkhead.TestBulkheadAvailability" name="test_is_available_when_empty" time="0.001" /><testcase classname="tests.unit.test_bulkhead.TestBulkheadAvailability" name="test_is_available_when_full" time="0.001" /><testcase classname="tests.unit.test_bulkhead.TestBulkheadAvailability" name="test_get_availability" time="0.001" /><testcase classname="tests.unit.test_bulkhead.TestBulkheadErrorHandling" name="test_unknown_compartment_try_acquire" time="0.001" /><testcase classname="tests.unit.test_bulkhead.TestBulkheadErrorHandling" name="test_unknown_compartment_release" time="0.001" /><testcase classname="tests.unit.test_bulkhead.TestBulkheadErrorHandling" name="test_unknown_compartment_get_stats" time="0.001" /><testcase classname="tests.unit.test_bulkhead.TestBulkheadState" name="test_get_state" time="0.001" /><testcase classname="tests.unit.test_bulkhead.TestBulkheadState" name="test_state_summary_rejection_rate" time="0.021" /><testcase classname="tests.unit.test_cache_comprehensive.TestCachedLLMResponseDecorator" name="test_decorator_caches_response" time="0.001" /><testcase classname="tests.unit.test_cache_comprehensive.TestCachedLLMResponseDecorator" name="test_decorator_different_prompts_different_cache" time="0.001" /><testcase classname="tests.unit.test_cache_comprehensive.TestCachedLLMResponseDecorator" name="test_decorator_different_max_tokens_different_cache" time="0.001" /><testcase classname="tests.unit.test_cache_comprehensive.TestCachedLLMResponseDecorator" name="test_decorator_with_custom_ttl" time="0.001" /><testcase classname="tests.unit.test_cache_comprehensive.TestCachedLLMResponseDecorator" name="test_decorator_with_disabled_cache" time="0.001" /><testcase classname="tests.unit.test_cache_comprehensive.TestCachedLLMResponseDecorator" name="test_decorator_with_extra_args" time="0.001" /><testcase classname="tests.unit.test_cache_comprehensive.TestCacheManagerDisabledOperations" name="test_delete_when_disabled" time="0.001" /><testcase classname="tests.unit.test_cache_comprehensive.TestCacheManagerDisabledOperations" name="test_get_stats_when_disabled" time="0.001" /><testcase classname="tests.unit.test_cache_comprehensive.TestCacheManagerDisabledOperations" name="test_clear_when_cache_is_none" time="0.001" /><testcase classname="tests.unit.test_cache_comprehensive.TestRedisCacheMocked" name="test_redis_cache_init_success" time="0.002" /><testcase classname="tests.unit.test_cache_comprehensive.TestRedisCacheMocked" name="test_redis_cache_get_miss" time="0.001" /><testcase classname="tests.unit.test_cache_comprehensive.TestRedisCacheMocked" name="test_redis_cache_get_hit" time="0.002" /><testcase classname="tests.unit.test_cache_comprehensive.TestRedisCacheMocked" name="test_redis_cache_get_error" time="0.002" /><testcase classname="tests.unit.test_cache_comprehensive.TestRedisCacheMocked" name="test_redis_cache_set" time="0.002" /><testcase classname="tests.unit.test_cache_comprehensive.TestRedisCacheMocked" name="test_redis_cache_set_error" time="0.001" /><testcase classname="tests.unit.test_cache_comprehensive.TestRedisCacheMocked" name="test_redis_cache_delete_success" time="0.001" /><testcase classname="tests.unit.test_cache_comprehensive.TestRedisCacheMocked" name="test_redis_cache_delete_not_found" time="0.001" /><testcase classname="tests.unit.test_cache_comprehensive.TestRedisCacheMocked" name="test_redis_cache_delete_error" time="0.001" /><testcase classname="tests.unit.test_cache_comprehensive.TestRedisCacheMocked" name="test_redis_cache_clear" time="0.002" /><testcase classname="tests.unit.test_cache_comprehensive.TestRedisCacheMocked" name="test_redis_cache_clear_empty" time="0.002" /><testcase classname="tests.unit.test_cache_comprehensive.TestRedisCacheMocked" name="test_redis_cache_clear_error" time="0.002" /><testcase classname="tests.unit.test_cache_comprehensive.TestRedisCacheMocked" name="test_redis_cache_get_stats" time="0.002" /><testcase classname="tests.unit.test_cache_comprehensive.TestRedisCacheMocked" name="test_redis_cache_get_stats_error" time="0.001" /><testcase classname="tests.unit.test_cache_comprehensive.TestRedisCacheMocked" name="test_redis_cache_connection_error" time="0.002" /><testcase classname="tests.unit.test_cache_comprehensive.TestCacheManagerWithRedis" name="test_cache_manager_with_redis_backend" time="0.001" /><testcase classname="tests.unit.test_cache_comprehensive.TestMemoryCacheAccessCount" name="test_access_count_incremented_on_hit" time="0.001" /><testcase classname="tests.unit.test_cache_utils.TestCacheConfig" name="test_default_values" time="0.001" /><testcase classname="tests.unit.test_cache_utils.TestCacheConfig" name="test_custom_values" time="0.001" /><testcase classname="tests.unit.test_cache_utils.TestCacheConfig" name="test_from_env_defaults" time="0.002" /><testcase classname="tests.unit.test_cache_utils.TestCacheConfig" name="test_from_env_custom" time="0.002" /><testcase classname="tests.unit.test_cache_utils.TestCacheStats" name="test_default_values" time="0.001" /><testcase classname="tests.unit.test_cache_utils.TestCacheStats" name="test_hit_rate_zero_total" time="0.001" /><testcase classname="tests.unit.test_cache_utils.TestCacheStats" name="test_hit_rate_calculation" time="0.001" /><testcase classname="tests.unit.test_cache_utils.TestCacheStats" name="test_hit_rate_all_hits" time="0.001" /><testcase classname="tests.unit.test_cache_utils.TestCacheStats" name="test_hit_rate_all_misses" time="0.001" /><testcase classname="tests.unit.test_cache_utils.TestCacheStats" name="test_to_dict" time="0.001" /><testcase classname="tests.unit.test_cache_utils.TestCacheEntry" name="test_cache_entry_creation" time="0.001" /><testcase classname="tests.unit.test_cache_utils.TestCacheEntry" name="test_is_expired_false" time="0.001" /><testcase classname="tests.unit.test_cache_utils.TestCacheEntry" name="test_is_expired_true" time="0.001" /><testcase classname="tests.unit.test_cache_utils.TestMemoryCache" name="test_init" time="0.001" /><testcase classname="tests.unit.test_cache_utils.TestMemoryCache" name="test_set_and_get" time="0.001" /><testcase classname="tests.unit.test_cache_utils.TestMemoryCache" name="test_get_missing_key" time="0.001" /><testcase classname="tests.unit.test_cache_utils.TestMemoryCache" name="test_get_expired_entry" time="1.101" /><testcase classname="tests.unit.test_cache_utils.TestMemoryCache" name="test_set_with_custom_ttl" time="1.101" /><testcase classname="tests.unit.test_cache_utils.TestMemoryCache" name="test_delete" time="0.001" /><testcase classname="tests.unit.test_cache_utils.TestMemoryCache" name="test_delete_missing_key" time="0.001" /><testcase classname="tests.unit.test_cache_utils.TestMemoryCache" name="test_clear" time="0.001" /><testcase classname="tests.unit.test_cache_utils.TestMemoryCache" name="test_eviction_on_max_size" time="0.001" /><testcase classname="tests.unit.test_cache_utils.TestMemoryCache" name="test_get_stats" time="0.001" /><testcase classname="tests.unit.test_cache_utils.TestMemoryCache" name="test_cleanup_expired" time="1.101" /><testcase classname="tests.unit.test_cache_utils.TestCacheManager" name="test_init_disabled" time="0.001" /><testcase classname="tests.unit.test_cache_utils.TestCacheManager" name="test_init_memory_backend" time="0.001" /><testcase classname="tests.unit.test_cache_utils.TestCacheManager" name="test_from_env" time="0.002" /><testcase classname="tests.unit.test_cache_utils.TestCacheManager" name="test_get_set_disabled" time="0.001" /><testcase classname="tests.unit.test_cache_utils.TestCacheManager" name="test_get_set_enabled" time="0.001" /><testcase classname="tests.unit.test_cache_utils.TestCacheManager" name="test_delete" time="0.001" /><testcase classname="tests.unit.test_cache_utils.TestCacheManager" name="test_clear" time="0.001" /><testcase classname="tests.unit.test_cache_utils.TestCacheManager" name="test_get_stats" time="0.001" /><testcase classname="tests.unit.test_cache_utils.TestHashUtilities" name="test_hash_text" time="0.001" /><testcase classname="tests.unit.test_cache_utils.TestHashUtilities" name="test_hash_request" time="0.001" /><testcase classname="tests.unit.test_cache_utils.TestHashUtilities" name="test_hash_request_with_body" time="0.001" /><testcase classname="tests.unit.test_cache_utils.TestHashUtilities" name="test_hash_vector" time="0.001" /><testcase classname="tests.unit.test_canary_manager.TestVersionMetrics" name="test_default_values" time="0.001" /><testcase classname="tests.unit.test_canary_manager.TestVersionMetrics" name="test_error_rate_no_requests" time="0.001" /><testcase classname="tests.unit.test_canary_manager.TestVersionMetrics" name="test_error_rate_all_success" time="0.001" /><testcase classname="tests.unit.test_canary_manager.TestVersionMetrics" name="test_error_rate_all_failed" time="0.001" /><testcase classname="tests.unit.test_canary_manager.TestVersionMetrics" name="test_error_rate_mixed" time="0.001" /><testcase classname="tests.unit.test_canary_manager.TestVersionMetrics" name="test_success_rate_all_success" time="0.001" /><testcase classname="tests.unit.test_canary_manager.TestVersionMetrics" name="test_success_rate_all_failed" time="0.001" /><testcase classname="tests.unit.test_canary_manager.TestVersionMetrics" name="test_average_latency_no_successful_requests" time="0.001" /><testcase classname="tests.unit.test_canary_manager.TestVersionMetrics" name="test_average_latency_with_successful_requests" time="0.001" /><testcase classname="tests.unit.test_canary_manager.TestCanaryManagerInit" name="test_valid_initialization" time="0.001" /><testcase classname="tests.unit.test_canary_manager.TestCanaryManagerInit" name="test_default_parameters" time="0.001" /><testcase classname="tests.unit.test_canary_manager.TestCanaryManagerInit" name="test_invalid_candidate_ratio_negative" time="0.001" /><testcase classname="tests.unit.test_canary_manager.TestCanaryManagerInit" name="test_invalid_candidate_ratio_above_one" time="0.001" /><testcase classname="tests.unit.test_canary_manager.TestCanaryManagerInit" name="test_invalid_error_budget_threshold_negative" time="0.001" /><testcase classname="tests.unit.test_canary_manager.TestCanaryManagerInit" name="test_invalid_error_budget_threshold_above_one" time="0.001" /><testcase classname="tests.unit.test_canary_manager.TestCanaryManagerInit" name="test_invalid_min_requests_zero" time="0.001" /><testcase classname="tests.unit.test_canary_manager.TestCanaryManagerInit" name="test_invalid_min_requests_negative" time="0.001" /><testcase classname="tests.unit.test_canary_manager.TestCanaryManagerVersionSelection" name="test_select_version_zero_ratio_always_current" time="0.001" /><testcase classname="tests.unit.test_canary_manager.TestCanaryManagerVersionSelection" name="test_select_version_full_ratio_always_candidate" time="0.001" /><testcase classname="tests.unit.test_canary_manager.TestCanaryManagerVersionSelection" name="test_select_version_distribution" time="0.001" /><testcase classname="tests.unit.test_canary_manager.TestCanaryManagerSetRatio" name="test_set_valid_ratio" time="0.001" /><testcase classname="tests.unit.test_canary_manager.TestCanaryManagerSetRatio" name="test_set_ratio_to_zero" time="0.001" /><testcase classname="tests.unit.test_canary_manager.TestCanaryManagerSetRatio" name="test_set_ratio_to_one" time="0.001" /><testcase classname="tests.unit.test_canary_manager.TestCanaryManagerSetRatio" name="test_set_invalid_ratio_negative" time="0.001" /><testcase classname="tests.unit.test_canary_manager.TestCanaryManagerSetRatio" name="test_set_invalid_ratio_above_one" time="0.001" /><testcase classname="tests.unit.test_canary_manager.TestCanaryManagerOutcomeReporting" name="test_report_success_without_latency" time="0.001" /><testcase classname="tests.unit.test_canary_manager.TestCanaryManagerOutcomeReporting" name="test_report_success_with_latency" time="0.001" /><testcase classname="tests.unit.test_canary_manager.TestCanaryManagerOutcomeReporting" name="test_report_failure" time="0.001" /><testcase classname="tests.unit.test_canary_manager.TestCanaryManagerOutcomeReporting" name="test_report_unknown_version_creates_entry" time="0.001" /><testcase classname="tests.unit.test_canary_manager.TestCanaryManagerOutcomeReporting" name="test_multiple_outcomes_aggregated" time="0.001" /><testcase classname="tests.unit.test_canary_manager.TestCanaryManagerAutoRollback" name="test_rollback_triggered_on_high_error_rate" time="0.001" /><testcase classname="tests.unit.test_canary_manager.TestCanaryManagerAutoRollback" name="test_no_rollback_when_below_threshold" time="0.001" /><testcase classname="tests.unit.test_canary_manager.TestCanaryManagerAutoRollback" name="test_no_rollback_before_min_requests" time="0.001" /><testcase classname="tests.unit.test_canary_manager.TestCanaryManagerAutoRollback" name="test_no_rollback_when_disabled" time="0.001" /><testcase classname="tests.unit.test_canary_manager.TestCanaryManagerLatencyRollback" name="test_latency_rollback_when_candidate_slower" time="0.001" /><testcase classname="tests.unit.test_canary_manager.TestCanaryManagerLatencyRollback" name="test_no_latency_rollback_when_candidate_acceptable" time="0.001" /><testcase classname="tests.unit.test_canary_manager.TestCanaryManagerLatencyRollback" name="test_no_latency_check_without_multiplier" time="0.001" /><testcase classname="tests.unit.test_canary_manager.TestCanaryManagerLatencyRollback" name="test_no_latency_check_without_current_metrics" time="0.001" /><testcase classname="tests.unit.test_canary_manager.TestCanaryManagerMetricsRetrieval" name="test_get_metrics_for_specific_version" time="0.001" /><testcase classname="tests.unit.test_canary_manager.TestCanaryManagerMetricsRetrieval" name="test_get_metrics_for_unknown_version" time="0.001" /><testcase classname="tests.unit.test_canary_manager.TestCanaryManagerMetricsRetrieval" name="test_get_all_metrics" time="0.001" /><testcase classname="tests.unit.test_canary_manager.TestCanaryManagerResetMetrics" name="test_reset_metrics_clears_all_data" time="0.001" /><testcase classname="tests.unit.test_canary_manager.TestCanaryManagerResetMetrics" name="test_reset_does_not_affect_configuration" time="0.001" /><testcase classname="tests.unit.test_canary_manager.TestCanaryManagerPromoteCandidate" name="test_promote_candidate_sets_ratio_to_one" time="0.001" /><testcase classname="tests.unit.test_canary_manager.TestCanaryManagerPromoteCandidate" name="test_promote_candidate_all_traffic_to_candidate" time="0.001" /><testcase classname="tests.unit.test_canary_manager.TestCanaryManagerEdgeCases" name="test_boundary_candidate_ratio_zero" time="0.001" /><testcase classname="tests.unit.test_canary_manager.TestCanaryManagerEdgeCases" name="test_boundary_candidate_ratio_one" time="0.001" /><testcase classname="tests.unit.test_canary_manager.TestCanaryManagerEdgeCases" name="test_boundary_error_threshold_zero" time="0.001" /><testcase classname="tests.unit.test_canary_manager.TestCanaryManagerEdgeCases" name="test_boundary_error_threshold_one" time="0.001" /><testcase classname="tests.unit.test_canary_manager.TestCanaryManagerEdgeCases" name="test_concurrent_access_thread_safety" time="0.004" /><testcase classname="tests.unit.test_circuit_breaker.TestCircuitState" name="test_state_values" time="0.001" /><testcase classname="tests.unit.test_circuit_breaker.TestCircuitBreakerConfig" name="test_default_config" time="0.001" /><testcase classname="tests.unit.test_circuit_breaker.TestCircuitBreakerConfig" name="test_custom_config" time="0.001" /><testcase classname="tests.unit.test_circuit_breaker.TestCircuitBreakerBasic" name="test_initialization" time="0.001" /><testcase classname="tests.unit.test_circuit_breaker.TestCircuitBreakerBasic" name="test_initialization_with_config" time="0.001" /><testcase classname="tests.unit.test_circuit_breaker.TestCircuitBreakerBasic" name="test_initialization_with_params" time="0.001" /><testcase classname="tests.unit.test_circuit_breaker.TestCircuitBreakerBasic" name="test_can_execute_when_closed" time="0.001" /><testcase classname="tests.unit.test_circuit_breaker.TestCircuitBreakerBasic" name="test_record_success_resets_failures" time="0.001" /><testcase classname="tests.unit.test_circuit_breaker.TestCircuitBreakerStateTransitions" name="test_closed_to_open_on_failures" time="0.001" /><testcase classname="tests.unit.test_circuit_breaker.TestCircuitBreakerStateTransitions" name="test_open_rejects_requests" time="0.001" /><testcase classname="tests.unit.test_circuit_breaker.TestCircuitBreakerStateTransitions" name="test_open_to_half_open_after_timeout" time="0.151" /><testcase classname="tests.unit.test_circuit_breaker.TestCircuitBreakerStateTransitions" name="test_half_open_to_closed_on_successes" time="0.101" /><testcase classname="tests.unit.test_circuit_breaker.TestCircuitBreakerStateTransitions" name="test_half_open_to_open_on_failure" time="0.101" /><testcase classname="tests.unit.test_circuit_breaker.TestCircuitBreakerContextManager" name="test_context_manager_when_closed" time="0.001" /><testcase classname="tests.unit.test_circuit_breaker.TestCircuitBreakerContextManager" name="test_context_manager_raises_when_open" time="0.001" /><testcase classname="tests.unit.test_circuit_breaker.TestCircuitBreakerContextManager" name="test_context_manager_auto_records_failure" time="0.001" /><testcase classname="tests.unit.test_circuit_breaker.TestCircuitBreakerHalfOpenProbes" name="test_half_open_limits_probe_requests" time="0.101" /><testcase classname="tests.unit.test_circuit_breaker.TestCircuitBreakerForceState" name="test_force_open" time="0.001" /><testcase classname="tests.unit.test_circuit_breaker.TestCircuitBreakerForceState" name="test_force_close" time="0.001" /><testcase classname="tests.unit.test_circuit_breaker.TestCircuitBreakerForceState" name="test_reset" time="0.001" /><testcase classname="tests.unit.test_circuit_breaker.TestCircuitBreakerStats" name="test_get_stats" time="0.001" /><testcase classname="tests.unit.test_circuit_breaker.TestCircuitBreakerStats" name="test_get_state_dict" time="0.001" /><testcase classname="tests.unit.test_circuit_breaker.TestCircuitBreakerStats" name="test_stats_track_rejections" time="0.001" /><testcase classname="tests.unit.test_circuit_breaker.TestCircuitBreakerExceptionFiltering" name="test_only_tracks_specified_exceptions" time="0.001" /><testcase classname="tests.unit.test_circuit_breaker.TestCircuitBreakerExceptionFiltering" name="test_all_exceptions_tracked_by_default" time="0.001" /><testcase classname="tests.unit.test_circuit_breaker.TestCircuitBreakerThreadSafety" name="test_concurrent_success_recording" time="0.006" /><testcase classname="tests.unit.test_circuit_breaker.TestCircuitBreakerThreadSafety" name="test_concurrent_failure_recording" time="0.003" /><testcase classname="tests.unit.test_circuit_breaker.TestCircuitBreakerThreadSafety" name="test_concurrent_state_checks" time="0.510" /><testcase classname="tests.unit.test_circuit_breaker.TestCircuitBreakerRegistry" name="test_get_or_create" time="0.001" /><testcase classname="tests.unit.test_circuit_breaker.TestCircuitBreakerRegistry" name="test_get_existing" time="0.001" /><testcase classname="tests.unit.test_circuit_breaker.TestCircuitBreakerRegistry" name="test_get_nonexistent" time="0.001" /><testcase classname="tests.unit.test_circuit_breaker.TestCircuitBreakerRegistry" name="test_remove" time="0.001" /><testcase classname="tests.unit.test_circuit_breaker.TestCircuitBreakerRegistry" name="test_remove_nonexistent" time="0.001" /><testcase classname="tests.unit.test_circuit_breaker.TestCircuitBreakerRegistry" name="test_get_all_states" time="0.001" /><testcase classname="tests.unit.test_circuit_breaker.TestCircuitBreakerRegistry" name="test_reset_all" time="0.001" /><testcase classname="tests.unit.test_circuit_breaker.TestCircuitBreakerRegistry" name="test_clear" time="0.001" /><testcase classname="tests.unit.test_circuit_breaker.TestCircuitBreakerRegistry" name="test_get_names" time="0.001" /><testcase classname="tests.unit.test_circuit_breaker.TestCircuitBreakerRegistry" name="test_set_default_config" time="0.001" /><testcase classname="tests.unit.test_circuit_breaker.TestGlobalRegistry" name="test_get_global_registry_singleton" time="0.001" /><testcase classname="tests.unit.test_circuit_breaker.TestGlobalRegistry" name="test_reset_global_registry" time="0.001" /><testcase classname="tests.unit.test_circuit_breaker.TestCircuitBreakerEdgeCases" name="test_immediate_success_after_open" time="0.001" /><testcase classname="tests.unit.test_circuit_breaker.TestCircuitBreakerEdgeCases" name="test_multiple_force_open_calls" time="0.001" /><testcase classname="tests.unit.test_circuit_breaker.TestCircuitBreakerEdgeCases" name="test_multiple_force_close_calls" time="0.001" /><testcase classname="tests.unit.test_circuit_breaker.TestCircuitBreakerEdgeCases" name="test_rapid_state_transitions" time="0.202" /><testcase classname="tests.unit.test_circuit_breaker.TestCircuitBreakerEdgeCases" name="test_stats_time_tracking" time="0.101" /><testcase classname="tests.unit.test_cli.TestCmdCheck" name="test_check_returns_zero_on_success" time="2.517" /><testcase classname="tests.unit.test_cli.TestCmdCheck" name="test_check_shows_python_version" time="0.002" /><testcase classname="tests.unit.test_cli.TestCmdCheck" name="test_check_validates_core_dependencies" time="0.001" /><testcase classname="tests.unit.test_cli.TestCmdCheck" name="test_check_shows_optional_dependencies" time="0.001" /><testcase classname="tests.unit.test_cli.TestCmdCheck" name="test_check_displays_environment_variables" time="0.001" /><testcase classname="tests.unit.test_cli.TestCmdCheck" name="test_check_verbose_shows_full_status" time="0.001" /><testcase classname="tests.unit.test_cli.TestCmdCheck" name="test_check_masks_sensitive_env_vars" time="0.001" /><testcase classname="tests.unit.test_cli.TestCmdCheck" name="test_check_detects_missing_config" time="0.002" /><testcase classname="tests.unit.test_cli.TestCmdCheck" name="test_check_validates_mlsdm_import" time="0.001" /><testcase classname="tests.unit.test_cli.TestCmdDemo" name="test_demo_non_interactive_with_prompt" time="0.002" /><testcase classname="tests.unit.test_cli.TestCmdDemo" name="test_demo_runs_default_prompts" time="0.005" /><testcase classname="tests.unit.test_cli.TestCmdDemo" name="test_demo_verbose_shows_full_result" time="0.006" /><testcase classname="tests.unit.test_cli.TestCmdDemo" name="test_demo_shows_configuration" time="0.002" /><testcase classname="tests.unit.test_cli.TestMain" name="test_main_no_command_prints_help" time="0.003" /><testcase classname="tests.unit.test_cli.TestMain" name="test_main_check_command" time="0.002" /><testcase classname="tests.unit.test_cli.TestMain" name="test_main_demo_command" time="0.007" /><testcase classname="tests.unit.test_cli.TestMain" name="test_main_demo_with_prompt" time="0.005" /><testcase classname="tests.unit.test_cli.TestMain" name="test_main_check_verbose" time="0.002" /><testcase classname="tests.unit.test_cli.TestCmdServe" name="test_serve_sets_environment_variables" time="0.002" /><testcase classname="tests.unit.test_cli.TestCmdServe" name="test_serve_missing_uvicorn" time="0.001" /><testcase classname="tests.unit.test_cli.TestEnvironmentHandling" name="test_check_with_custom_config_path" time="0.002" /><testcase classname="tests.unit.test_cli.TestEnvironmentHandling" name="test_check_with_llm_backend_set" time="0.001" /><testcase classname="tests.unit.test_cli.TestEdgeCases" name="test_demo_handles_import_error" time="0.004" /><testcase classname="tests.unit.test_cli.TestEdgeCases" name="test_check_low_python_version_warning" time="0.001" /><testcase classname="tests.unit.test_cli.TestEdgeCases" name="test_short_api_key_masking" time="0.001" /><testcase classname="tests.unit.test_cli.TestDemoInteractiveMode" name="test_demo_interactive_quit_command" time="0.006" /><testcase classname="tests.unit.test_cli.TestDemoInteractiveMode" name="test_demo_interactive_exit_command" time="0.003" /><testcase classname="tests.unit.test_cli.TestDemoInteractiveMode" name="test_demo_interactive_state_command" time="0.003" /><testcase classname="tests.unit.test_cli.TestDemoInteractiveMode" name="test_demo_interactive_empty_input" time="0.003" /><testcase classname="tests.unit.test_cli.TestDemoInteractiveMode" name="test_demo_interactive_keyboard_interrupt" time="0.003" /><testcase classname="tests.unit.test_cli.TestDemoInteractiveMode" name="test_demo_interactive_eof_error" time="0.003" /><testcase classname="tests.unit.test_cli.TestDemoInteractiveMode" name="test_demo_interactive_generates_response" time="0.004" /><testcase classname="tests.unit.test_cognitive_controller.TestCognitiveControllerInitialization" name="test_default_initialization" time="0.001" /><testcase classname="tests.unit.test_cognitive_controller.TestCognitiveControllerInitialization" name="test_custom_initialization" time="0.002" /><testcase classname="tests.unit.test_cognitive_controller.TestCognitiveControllerMemoryMonitoring" name="test_get_memory_usage" time="0.004" /><testcase classname="tests.unit.test_cognitive_controller.TestCognitiveControllerMemoryMonitoring" name="test_memory_threshold_exceeded_triggers_emergency_shutdown" time="0.003" /><testcase classname="tests.unit.test_cognitive_controller.TestCognitiveControllerMemoryMonitoring" name="test_emergency_shutdown_blocks_further_processing" time="0.003" /><testcase classname="tests.unit.test_cognitive_controller.TestCognitiveControllerMemoryMonitoring" name="test_reset_emergency_shutdown" time="0.002" /><testcase classname="tests.unit.test_cognitive_controller.TestCognitiveControllerProcessingTime" name="test_normal_processing_time" time="0.003" /><testcase classname="tests.unit.test_cognitive_controller.TestCognitiveControllerProcessEvent" name="test_process_accepted_event" time="0.003" /><testcase classname="tests.unit.test_cognitive_controller.TestCognitiveControllerProcessEvent" name="test_process_rejected_moral_event" time="0.004" /><testcase classname="tests.unit.test_cognitive_controller.TestCognitiveControllerProcessEvent" name="test_step_counter_increments" time="0.004" /><testcase classname="tests.unit.test_cognitive_controller.TestCognitiveControllerRetrieveContext" name="test_retrieve_context" time="0.006" /><testcase classname="tests.unit.test_cognitive_controller.TestCognitiveControllerAutoRecovery" name="test_normal_to_emergency_to_recovery_to_normal" time="0.004" /><testcase classname="tests.unit.test_cognitive_controller.TestCognitiveControllerAutoRecovery" name="test_recovery_does_not_trigger_without_cooldown" time="0.003" /><testcase classname="tests.unit.test_cognitive_controller.TestCognitiveControllerAutoRecovery" name="test_recovery_does_not_trigger_with_high_memory" time="0.003" /><testcase classname="tests.unit.test_cognitive_controller.TestCognitiveControllerAutoRecovery" name="test_no_state_leak_after_recovery" time="0.006" /><testcase classname="tests.unit.test_cognitive_controller.TestCognitiveControllerAutoRecovery" name="test_recovery_guard_against_infinite_loop" time="0.004" /><testcase classname="tests.unit.test_cognitive_controller.TestCognitiveControllerAutoRecovery" name="test_manual_reset_enables_auto_recovery_again" time="0.005" /><testcase classname="tests.unit.test_cognitive_controller.TestCognitiveControllerAutoRecovery" name="test_internal_state_tracking_accuracy" time="0.003" /><testcase classname="tests.unit.test_cognitive_controller.TestCognitiveControllerTimeBasedRecovery" name="test_time_based_recovery_default_enabled" time="0.002" /><testcase classname="tests.unit.test_cognitive_controller.TestCognitiveControllerTimeBasedRecovery" name="test_time_based_recovery_can_be_disabled" time="0.002" /><testcase classname="tests.unit.test_cognitive_controller.TestCognitiveControllerTimeBasedRecovery" name="test_time_based_recovery_custom_cooldown" time="0.002" /><testcase classname="tests.unit.test_cognitive_controller.TestCognitiveControllerTimeBasedRecovery" name="test_emergency_records_time" time="0.002" /><testcase classname="tests.unit.test_cognitive_controller.TestCognitiveControllerTimeBasedRecovery" name="test_time_based_recovery_after_cooldown" time="0.154" /><testcase classname="tests.unit.test_cognitive_controller.TestCognitiveControllerTimeBasedRecovery" name="test_time_based_recovery_before_cooldown_fails" time="0.003" /><testcase classname="tests.unit.test_cognitive_controller.TestCognitiveControllerTimeBasedRecovery" name="test_time_based_recovery_disabled_uses_step_only" time="0.104" /><testcase classname="tests.unit.test_cognitive_controller.TestCognitiveControllerTimeBasedRecovery" name="test_manual_reset_clears_time_tracking" time="0.003" /><testcase classname="tests.unit.test_coherence_safety_metrics.TestCoherenceMetrics" name="test_coherence_metrics_creation" time="0.001" /><testcase classname="tests.unit.test_coherence_safety_metrics.TestCoherenceMetrics" name="test_coherence_overall_score" time="0.001" /><testcase classname="tests.unit.test_coherence_safety_metrics.TestCoherenceMetrics" name="test_coherence_overall_score_perfect" time="0.001" /><testcase classname="tests.unit.test_coherence_safety_metrics.TestCoherenceMetrics" name="test_coherence_overall_score_zero" time="0.001" /><testcase classname="tests.unit.test_coherence_safety_metrics.TestSafetyMetrics" name="test_safety_metrics_creation" time="0.001" /><testcase classname="tests.unit.test_coherence_safety_metrics.TestSafetyMetrics" name="test_safety_overall_score" time="0.001" /><testcase classname="tests.unit.test_coherence_safety_metrics.TestSafetyMetrics" name="test_safety_overall_score_mixed" time="0.001" /><testcase classname="tests.unit.test_coherence_safety_metrics.TestCoherenceSafetyAnalyzerInit" name="test_initialization" time="0.001" /><testcase classname="tests.unit.test_coherence_safety_metrics.TestCoherenceSafetyAnalyzerInit" name="test_reset" time="0.001" /><testcase classname="tests.unit.test_coherence_safety_metrics.TestTemporalConsistency" name="test_temporal_consistency_empty_sequence" time="0.001" /><testcase classname="tests.unit.test_coherence_safety_metrics.TestTemporalConsistency" name="test_temporal_consistency_single_retrieval" time="0.001" /><testcase classname="tests.unit.test_coherence_safety_metrics.TestTemporalConsistency" name="test_temporal_consistency_identical_retrievals" time="0.002" /><testcase classname="tests.unit.test_coherence_safety_metrics.TestTemporalConsistency" name="test_temporal_consistency_varying_retrievals" time="0.001" /><testcase classname="tests.unit.test_coherence_safety_metrics.TestTemporalConsistency" name="test_temporal_consistency_empty_retrievals" time="0.001" /><testcase classname="tests.unit.test_coherence_safety_metrics.TestSemanticCoherence" name="test_semantic_coherence_empty" time="0.001" /><testcase classname="tests.unit.test_coherence_safety_metrics.TestSemanticCoherence" name="test_semantic_coherence_perfect_match" time="0.001" /><testcase classname="tests.unit.test_coherence_safety_metrics.TestSemanticCoherence" name="test_semantic_coherence_no_match" time="0.001" /><testcase classname="tests.unit.test_coherence_safety_metrics.TestSemanticCoherence" name="test_semantic_coherence_empty_retrievals" time="0.001" /><testcase classname="tests.unit.test_coherence_safety_metrics.TestPhaseSeparation" name="test_phase_separation_empty" time="0.001" /><testcase classname="tests.unit.test_coherence_safety_metrics.TestPhaseSeparation" name="test_phase_separation_orthogonal" time="0.001" /><testcase classname="tests.unit.test_coherence_safety_metrics.TestPhaseSeparation" name="test_phase_separation_identical" time="0.001" /><testcase classname="tests.unit.test_coherence_safety_metrics.TestPhaseSeparation" name="test_phase_separation_opposite" time="0.001" /><testcase classname="tests.unit.test_coherence_safety_metrics.TestRetrievalStability" name="test_retrieval_stability_single" time="0.001" /><testcase classname="tests.unit.test_coherence_safety_metrics.TestRetrievalStability" name="test_retrieval_stability_identical" time="0.001" /><testcase classname="tests.unit.test_coherence_safety_metrics.TestRetrievalStability" name="test_retrieval_stability_different" time="0.001" /><testcase classname="tests.unit.test_coherence_safety_metrics.TestRetrievalStability" name="test_retrieval_stability_empty" time="0.001" /><testcase classname="tests.unit.test_coherence_safety_metrics.TestComputeCoherenceMetrics" name="test_compute_coherence_metrics" time="0.001" /><testcase classname="tests.unit.test_coherence_safety_metrics.TestToxicRejectionRate" name="test_toxic_rejection_empty" time="0.001" /><testcase classname="tests.unit.test_coherence_safety_metrics.TestToxicRejectionRate" name="test_toxic_rejection_all_rejected" time="0.001" /><testcase classname="tests.unit.test_coherence_safety_metrics.TestToxicRejectionRate" name="test_toxic_rejection_none_rejected" time="0.001" /><testcase classname="tests.unit.test_coherence_safety_metrics.TestToxicRejectionRate" name="test_toxic_rejection_no_toxic_content" time="0.001" /><testcase classname="tests.unit.test_coherence_safety_metrics.TestMoralDrift" name="test_moral_drift_empty" time="0.001" /><testcase classname="tests.unit.test_coherence_safety_metrics.TestMoralDrift" name="test_moral_drift_single" time="0.001" /><testcase classname="tests.unit.test_coherence_safety_metrics.TestMoralDrift" name="test_moral_drift_constant" time="0.001" /><testcase classname="tests.unit.test_coherence_safety_metrics.TestMoralDrift" name="test_moral_drift_varying" time="0.001" /><testcase classname="tests.unit.test_coherence_safety_metrics.TestThresholdConvergence" name="test_threshold_convergence_short_history" time="0.001" /><testcase classname="tests.unit.test_coherence_safety_metrics.TestThresholdConvergence" name="test_threshold_convergence_at_target" time="0.001" /><testcase classname="tests.unit.test_coherence_safety_metrics.TestThresholdConvergence" name="test_threshold_convergence_away_from_target" time="0.001" /><testcase classname="tests.unit.test_coherence_safety_metrics.TestFalsePositiveRate" name="test_false_positive_empty" time="0.001" /><testcase classname="tests.unit.test_coherence_safety_metrics.TestFalsePositiveRate" name="test_false_positive_no_safe_content" time="0.001" /><testcase classname="tests.unit.test_coherence_safety_metrics.TestFalsePositiveRate" name="test_false_positive_none" time="0.001" /><testcase classname="tests.unit.test_coherence_safety_metrics.TestFalsePositiveRate" name="test_false_positive_all" time="0.001" /><testcase classname="tests.unit.test_coherence_safety_metrics.TestComputeSafetyMetrics" name="test_compute_safety_metrics" time="0.001" /><testcase classname="tests.unit.test_coherence_safety_metrics.TestCompareWithWithoutFeature" name="test_compare_basic" time="0.001" /><testcase classname="tests.unit.test_coherence_safety_metrics.TestCompareWithWithoutFeature" name="test_compare_no_improvement" time="0.001" /><testcase classname="tests.unit.test_coherence_safety_metrics.TestCompareWithWithoutFeature" name="test_compare_missing_metric" time="0.001" /><testcase classname="tests.unit.test_coherence_safety_metrics.TestGenerateReport" name="test_generate_report" time="0.001" /><testcase classname="tests.unit.test_config_cache.TestConfigCache" name="test_init_default" time="0.001" /><testcase classname="tests.unit.test_config_cache.TestConfigCache" name="test_init_custom" time="0.001" /><testcase classname="tests.unit.test_config_cache.TestConfigCache" name="test_put_and_get" time="0.001" /><testcase classname="tests.unit.test_config_cache.TestConfigCache" name="test_get_missing" time="0.001" /><testcase classname="tests.unit.test_config_cache.TestConfigCache" name="test_ttl_expiration" time="0.152" /><testcase classname="tests.unit.test_config_cache.TestConfigCache" name="test_file_modification_invalidates" time="0.102" /><testcase classname="tests.unit.test_config_cache.TestConfigCache" name="test_invalidate" time="0.001" /><testcase classname="tests.unit.test_config_cache.TestConfigCache" name="test_invalidate_composite_keys" time="0.001" /><testcase classname="tests.unit.test_config_cache.TestConfigCache" name="test_clear" time="0.001" /><testcase classname="tests.unit.test_config_cache.TestConfigCache" name="test_max_entries_eviction" time="0.012" /><testcase classname="tests.unit.test_config_cache.TestConfigCache" name="test_stats" time="0.001" /><testcase classname="tests.unit.test_config_cache.TestConfigCache" name="test_returns_copy" time="0.001" /><testcase classname="tests.unit.test_config_cache.TestConfigLoaderWithCache" name="test_cache_hit" time="0.002" /><testcase classname="tests.unit.test_config_cache.TestConfigLoaderWithCache" name="test_cache_disabled" time="0.002" /><testcase classname="tests.unit.test_config_cache.TestConfigLoaderWithCache" name="test_cache_not_used_with_env_override" time="0.001" /><testcase classname="tests.unit.test_config_cache.TestGlobalConfigCache" name="test_singleton" time="0.001" /><testcase classname="tests.unit.test_config_cache.TestGlobalConfigCache" name="test_thread_safety" time="0.007" /><testcase classname="tests.unit.test_config_loader.TestYAMLLoading" name="test_load_valid_yaml" time="0.002" /><testcase classname="tests.unit.test_config_loader.TestYAMLLoading" name="test_load_empty_yaml" time="0.002" /><testcase classname="tests.unit.test_config_loader.TestYAMLLoading" name="test_load_invalid_yaml_syntax" time="0.002" /><testcase classname="tests.unit.test_config_loader.TestYAMLLoading" name="test_file_not_found" time="0.001" /><testcase classname="tests.unit.test_config_loader.TestYAMLLoading" name="test_unsupported_format" time="0.001" /><testcase classname="tests.unit.test_config_loader.TestValidation" name="test_valid_config_with_validation" time="0.002" /><testcase classname="tests.unit.test_config_loader.TestValidation" name="test_invalid_config_with_validation" time="0.002" /><testcase classname="tests.unit.test_config_loader.TestValidation" name="test_validation_disabled" time="0.002" /><testcase classname="tests.unit.test_config_loader.TestValidation" name="test_invalid_hierarchy_detected" time="0.002" /><testcase classname="tests.unit.test_config_loader.TestEnvironmentOverrides" name="test_top_level_override" time="0.002" /><testcase classname="tests.unit.test_config_loader.TestEnvironmentOverrides" name="test_nested_override" time="0.002" /><testcase classname="tests.unit.test_config_loader.TestEnvironmentOverrides" name="test_boolean_parsing" time="0.002" /><testcase classname="tests.unit.test_config_loader.TestEnvironmentOverrides" name="test_integer_parsing" time="0.002" /><testcase classname="tests.unit.test_config_loader.TestEnvironmentOverrides" name="test_float_parsing" time="0.002" /><testcase classname="tests.unit.test_config_loader.TestEnvironmentOverrides" name="test_env_override_disabled" time="0.002" /><testcase classname="tests.unit.test_config_loader.TestEnvironmentOverrides" name="test_non_mlsdm_vars_ignored" time="0.002" /><testcase classname="tests.unit.test_config_loader.TestLoadValidatedConfig" name="test_load_validated_returns_object" time="0.002" /><testcase classname="tests.unit.test_config_loader.TestLoadValidatedConfig" name="test_load_validated_with_invalid" time="0.002" /><testcase classname="tests.unit.test_config_loader.TestDefaultConfigFiles" name="test_load_default_config" time="0.005" /><testcase classname="tests.unit.test_config_loader.TestDefaultConfigFiles" name="test_load_production_config" time="0.196" /><testcase classname="tests.unit.test_config_loader.TestDefaultConfigFiles" name="test_default_config_validates_with_schema" time="0.005" /><testcase classname="tests.unit.test_config_loader.TestErrorMessages" name="test_validation_error_includes_file_path" time="0.002" /><testcase classname="tests.unit.test_config_loader.TestErrorMessages" name="test_validation_error_includes_reason" time="0.002" /><testcase classname="tests.unit.test_config_loader.TestErrorMessages" name="test_validation_error_includes_help" time="0.002" /><testcase classname="tests.unit.test_config_loader.TestErrorMessages" name="test_unknown_keys_error_message" time="0.001" /><testcase classname="tests.unit.test_config_loader.TestAphasiaConfigExtraction" name="test_extract_aphasia_config_from_dict" time="0.001" /><testcase classname="tests.unit.test_config_loader.TestAphasiaConfigExtraction" name="test_extract_aphasia_config_missing_section" time="0.001" /><testcase classname="tests.unit.test_config_loader.TestAphasiaConfigExtraction" name="test_extract_aphasia_config_partial" time="0.001" /><testcase classname="tests.unit.test_config_loader.TestAphasiaConfigExtraction" name="test_extract_aphasia_config_from_file" time="0.002" /><testcase classname="tests.unit.test_config_loader_comprehensive.TestLoadConfig" name="test_load_yaml_config" time="0.002" /><testcase classname="tests.unit.test_config_loader_comprehensive.TestLoadConfig" name="test_load_yml_config" time="0.002" /><testcase classname="tests.unit.test_config_loader_comprehensive.TestLoadConfig" name="test_load_ini_config" time="0.002" /><testcase classname="tests.unit.test_config_loader_comprehensive.TestLoadConfig" name="test_load_nonexistent_file" time="0.001" /><testcase classname="tests.unit.test_config_loader_comprehensive.TestLoadConfig" name="test_load_unsupported_format" time="0.001" /><testcase classname="tests.unit.test_config_loader_comprehensive.TestLoadConfig" name="test_load_invalid_path_type" time="0.001" /><testcase classname="tests.unit.test_config_loader_comprehensive.TestLoadConfig" name="test_load_without_validation" time="0.002" /><testcase classname="tests.unit.test_config_loader_comprehensive.TestLoadConfig" name="test_load_empty_yaml" time="0.002" /><testcase classname="tests.unit.test_config_loader_comprehensive.TestLoadConfig" name="test_load_invalid_yaml_syntax" time="0.002" /><testcase classname="tests.unit.test_config_loader_comprehensive.TestLoadIni" name="test_ini_boolean_parsing" time="0.002" /><testcase classname="tests.unit.test_config_loader_comprehensive.TestLoadIni" name="test_ini_integer_parsing" time="0.002" /><testcase classname="tests.unit.test_config_loader_comprehensive.TestLoadIni" name="test_ini_float_parsing" time="0.002" /><testcase classname="tests.unit.test_config_loader_comprehensive.TestLoadIni" name="test_ini_string_parsing" time="0.002" /><testcase classname="tests.unit.test_config_loader_comprehensive.TestEnvOverrides" name="test_env_override_top_level" time="0.003" /><testcase classname="tests.unit.test_config_loader_comprehensive.TestEnvOverrides" name="test_env_override_nested" time="0.003" /><testcase classname="tests.unit.test_config_loader_comprehensive.TestEnvOverrides" name="test_env_override_disabled" time="0.003" /><testcase classname="tests.unit.test_config_loader_comprehensive.TestEnvOverrides" name="test_env_override_creates_section" time="0.002" /><testcase classname="tests.unit.test_config_loader_comprehensive.TestEnvOverrides" name="test_env_override_deeply_nested" time="0.003" /><testcase classname="tests.unit.test_config_loader_comprehensive.TestEnvOverrides" name="test_env_override_top_level_int" time="0.002" /><testcase classname="tests.unit.test_config_loader_comprehensive.TestEnvOverrides" name="test_env_override_path_collision_skips" time="0.003" /><testcase classname="tests.unit.test_config_loader_comprehensive.TestEnvOverrides" name="test_env_override_top_level_bool_and_float" time="0.003" /><testcase classname="tests.unit.test_config_loader_comprehensive.TestParseEnvValue" name="test_parse_env_boolean_true" time="0.001" /><testcase classname="tests.unit.test_config_loader_comprehensive.TestParseEnvValue" name="test_parse_env_boolean_false" time="0.001" /><testcase classname="tests.unit.test_config_loader_comprehensive.TestParseEnvValue" name="test_parse_env_integer" time="0.001" /><testcase classname="tests.unit.test_config_loader_comprehensive.TestParseEnvValue" name="test_parse_env_float" time="0.001" /><testcase classname="tests.unit.test_config_loader_comprehensive.TestParseEnvValue" name="test_parse_env_string" time="0.001" /><testcase classname="tests.unit.test_config_loader_comprehensive.TestLoadValidatedConfig" name="test_load_validated_config" time="0.002" /><testcase classname="tests.unit.test_config_loader_comprehensive.TestAphasiaConfig" name="test_get_aphasia_config_defaults" time="0.001" /><testcase classname="tests.unit.test_config_loader_comprehensive.TestAphasiaConfig" name="test_get_aphasia_config_custom" time="0.001" /><testcase classname="tests.unit.test_config_loader_comprehensive.TestNeuroLangConfig" name="test_get_neurolang_config_defaults" time="0.001" /><testcase classname="tests.unit.test_config_loader_comprehensive.TestNeuroLangConfig" name="test_get_neurolang_config_custom" time="0.001" /><testcase classname="tests.unit.test_config_validation.TestSystemConfig" name="test_default_config_is_valid" time="0.001" /><testcase classname="tests.unit.test_config_validation.TestSystemConfig" name="test_valid_dimension_range" time="0.001" /><testcase classname="tests.unit.test_config_validation.TestSystemConfig" name="test_invalid_dimension_too_small" time="0.001" /><testcase classname="tests.unit.test_config_validation.TestSystemConfig" name="test_invalid_dimension_too_large" time="0.001" /><testcase classname="tests.unit.test_config_validation.TestSystemConfig" name="test_invalid_dimension_type" time="0.001" /><testcase classname="tests.unit.test_config_validation.TestSystemConfig" name="test_strict_mode_boolean" time="0.001" /><testcase classname="tests.unit.test_config_validation.TestSystemConfig" name="test_unknown_fields_rejected" time="0.001" /><testcase classname="tests.unit.test_config_validation.TestMultiLevelMemoryConfig" name="test_valid_decay_hierarchy" time="0.001" /><testcase classname="tests.unit.test_config_validation.TestMultiLevelMemoryConfig" name="test_invalid_decay_hierarchy_l3_gt_l2" time="0.001" /><testcase classname="tests.unit.test_config_validation.TestMultiLevelMemoryConfig" name="test_invalid_decay_hierarchy_l2_gt_l1" time="0.001" /><testcase classname="tests.unit.test_config_validation.TestMultiLevelMemoryConfig" name="test_decay_rates_equal_allowed" time="0.001" /><testcase classname="tests.unit.test_config_validation.TestMultiLevelMemoryConfig" name="test_decay_rates_range_valid" time="0.001" /><testcase classname="tests.unit.test_config_validation.TestMultiLevelMemoryConfig" name="test_decay_rates_range_invalid" time="0.001" /><testcase classname="tests.unit.test_config_validation.TestMultiLevelMemoryConfig" name="test_valid_threshold_hierarchy" time="0.001" /><testcase classname="tests.unit.test_config_validation.TestMultiLevelMemoryConfig" name="test_invalid_threshold_hierarchy" time="0.001" /><testcase classname="tests.unit.test_config_validation.TestMultiLevelMemoryConfig" name="test_gating_factors_range" time="0.001" /><testcase classname="tests.unit.test_config_validation.TestMoralFilterConfig" name="test_valid_threshold_bounds" time="0.001" /><testcase classname="tests.unit.test_config_validation.TestMoralFilterConfig" name="test_invalid_min_greater_than_max" time="0.001" /><testcase classname="tests.unit.test_config_validation.TestMoralFilterConfig" name="test_invalid_threshold_below_min" time="0.001" /><testcase classname="tests.unit.test_config_validation.TestMoralFilterConfig" name="test_invalid_threshold_above_max" time="0.001" /><testcase classname="tests.unit.test_config_validation.TestMoralFilterConfig" name="test_threshold_range_constraints" time="0.001" /><testcase classname="tests.unit.test_config_validation.TestMoralFilterConfig" name="test_adapt_rate_range" time="0.001" /><testcase classname="tests.unit.test_config_validation.TestOntologyMatcherConfig" name="test_valid_vectors_and_labels" time="0.001" /><testcase classname="tests.unit.test_config_validation.TestOntologyMatcherConfig" name="test_vectors_same_dimension" time="0.001" /><testcase classname="tests.unit.test_config_validation.TestOntologyMatcherConfig" name="test_empty_vectors_rejected" time="0.001" /><testcase classname="tests.unit.test_config_validation.TestOntologyMatcherConfig" name="test_labels_mismatch_count" time="0.001" /><testcase classname="tests.unit.test_config_validation.TestOntologyMatcherConfig" name="test_labels_optional" time="0.001" /><testcase classname="tests.unit.test_config_validation.TestCognitiveRhythmConfig" name="test_valid_durations" time="0.001" /><testcase classname="tests.unit.test_config_validation.TestCognitiveRhythmConfig" name="test_duration_range_constraints" time="0.001" /><testcase classname="tests.unit.test_config_validation.TestCognitiveRhythmConfig" name="test_unusual_ratio_warning" time="0.001" /><testcase classname="tests.unit.test_config_validation.TestCrossFieldValidation" name="test_ontology_dimension_mismatch" time="0.001" /><testcase classname="tests.unit.test_config_validation.TestCrossFieldValidation" name="test_ontology_dimension_match" time="0.001" /><testcase classname="tests.unit.test_config_validation.TestConfigLoaderIntegration" name="test_valid_dict" time="0.001" /><testcase classname="tests.unit.test_config_validation.TestConfigLoaderIntegration" name="test_invalid_dict" time="0.001" /><testcase classname="tests.unit.test_config_validation.TestConfigLoaderIntegration" name="test_empty_dict_uses_defaults" time="0.001" /><testcase classname="tests.unit.test_config_validation.TestConfigSerialization" name="test_model_dump" time="0.001" /><testcase classname="tests.unit.test_config_validation.TestConfigSerialization" name="test_model_dump_json" time="0.001" /><testcase classname="tests.unit.test_config_validation.TestConfigSerialization" name="test_round_trip" time="0.001" /><testcase classname="tests.unit.test_config_validation.TestPELMConfig" name="test_default_values" time="0.001" /><testcase classname="tests.unit.test_config_validation.TestPELMConfig" name="test_valid_capacity_range" time="0.001" /><testcase classname="tests.unit.test_config_validation.TestPELMConfig" name="test_invalid_capacity_too_small" time="0.001" /><testcase classname="tests.unit.test_config_validation.TestPELMConfig" name="test_invalid_capacity_too_large" time="0.001" /><testcase classname="tests.unit.test_config_validation.TestPELMConfig" name="test_valid_phase_tolerance" time="0.001" /><testcase classname="tests.unit.test_config_validation.TestPELMConfig" name="test_invalid_phase_tolerance" time="0.001" /><testcase classname="tests.unit.test_config_validation.TestPELMConfig" name="test_large_capacity_warning" time="0.001" /><testcase classname="tests.unit.test_config_validation.TestSynergyExperienceConfig" name="test_default_values" time="0.001" /><testcase classname="tests.unit.test_config_validation.TestSynergyExperienceConfig" name="test_valid_epsilon_range" time="0.001" /><testcase classname="tests.unit.test_config_validation.TestSynergyExperienceConfig" name="test_invalid_epsilon" time="0.001" /><testcase classname="tests.unit.test_config_validation.TestSynergyExperienceConfig" name="test_valid_neutral_tolerance" time="0.001" /><testcase classname="tests.unit.test_config_validation.TestSynergyExperienceConfig" name="test_invalid_neutral_tolerance" time="0.001" /><testcase classname="tests.unit.test_config_validation.TestSynergyExperienceConfig" name="test_valid_min_trials" time="0.001" /><testcase classname="tests.unit.test_config_validation.TestSynergyExperienceConfig" name="test_invalid_min_trials" time="0.001" /><testcase classname="tests.unit.test_config_validation.TestSynergyExperienceConfig" name="test_high_epsilon_warning" time="0.001" /><testcase classname="tests.unit.test_config_validation.TestSynergyExperienceConfig" name="test_high_ema_alpha_warning" time="0.001" /><testcase classname="tests.unit.test_config_validation.TestSystemConfigWithNewSections" name="test_default_includes_new_sections" time="0.001" /><testcase classname="tests.unit.test_config_validation.TestSystemConfigWithNewSections" name="test_custom_pelm_config" time="0.001" /><testcase classname="tests.unit.test_config_validation.TestSystemConfigWithNewSections" name="test_custom_synergy_experience_config" time="0.001" /><testcase classname="tests.unit.test_config_validator_comprehensive.TestValidationError" name="test_validation_error_str" time="0.001" /><testcase classname="tests.unit.test_config_validator_comprehensive.TestValidationError" name="test_validation_error_attributes" time="0.001" /><testcase classname="tests.unit.test_config_validator_comprehensive.TestValidateDimension" name="test_valid_dimension" time="0.001" /><testcase classname="tests.unit.test_config_validator_comprehensive.TestValidateDimension" name="test_invalid_dimension_not_integer" time="0.001" /><testcase classname="tests.unit.test_config_validator_comprehensive.TestValidateDimension" name="test_invalid_dimension_zero" time="0.001" /><testcase classname="tests.unit.test_config_validator_comprehensive.TestValidateDimension" name="test_invalid_dimension_negative" time="0.001" /><testcase classname="tests.unit.test_config_validator_comprehensive.TestValidateDimension" name="test_invalid_dimension_too_large" time="0.001" /><testcase classname="tests.unit.test_config_validator_comprehensive.TestValidateDimension" name="test_custom_component_name" time="0.001" /><testcase classname="tests.unit.test_config_validator_comprehensive.TestValidateCapacity" name="test_valid_capacity" time="0.001" /><testcase classname="tests.unit.test_config_validator_comprehensive.TestValidateCapacity" name="test_invalid_capacity_not_integer" time="0.001" /><testcase classname="tests.unit.test_config_validator_comprehensive.TestValidateCapacity" name="test_invalid_capacity_zero" time="0.001" /><testcase classname="tests.unit.test_config_validator_comprehensive.TestValidateCapacity" name="test_invalid_capacity_negative" time="0.001" /><testcase classname="tests.unit.test_config_validator_comprehensive.TestValidateCapacity" name="test_invalid_capacity_too_large" time="0.001" /><testcase classname="tests.unit.test_config_validator_comprehensive.TestValidateThreshold" name="test_valid_threshold" time="0.001" /><testcase classname="tests.unit.test_config_validator_comprehensive.TestValidateThreshold" name="test_valid_threshold_integer" time="0.001" /><testcase classname="tests.unit.test_config_validator_comprehensive.TestValidateThreshold" name="test_invalid_threshold_not_numeric" time="0.001" /><testcase classname="tests.unit.test_config_validator_comprehensive.TestValidateThreshold" name="test_invalid_threshold_below_min" time="0.001" /><testcase classname="tests.unit.test_config_validator_comprehensive.TestValidateThreshold" name="test_invalid_threshold_above_max" time="0.001" /><testcase classname="tests.unit.test_config_validator_comprehensive.TestValidateThreshold" name="test_custom_range" time="0.001" /><testcase classname="tests.unit.test_config_validator_comprehensive.TestValidateDuration" name="test_valid_duration" time="0.001" /><testcase classname="tests.unit.test_config_validator_comprehensive.TestValidateDuration" name="test_invalid_duration_not_integer" time="0.001" /><testcase classname="tests.unit.test_config_validator_comprehensive.TestValidateDuration" name="test_invalid_duration_zero" time="0.001" /><testcase classname="tests.unit.test_config_validator_comprehensive.TestValidateDuration" name="test_invalid_duration_negative" time="0.001" /><testcase classname="tests.unit.test_config_validator_comprehensive.TestValidateDuration" name="test_invalid_duration_too_large" time="0.001" /><testcase classname="tests.unit.test_config_validator_comprehensive.TestValidateRate" name="test_valid_rate" time="0.001" /><testcase classname="tests.unit.test_config_validator_comprehensive.TestValidateRate" name="test_valid_rate_integer" time="0.001" /><testcase classname="tests.unit.test_config_validator_comprehensive.TestValidateRate" name="test_invalid_rate_not_numeric" time="0.001" /><testcase classname="tests.unit.test_config_validator_comprehensive.TestValidateRate" name="test_invalid_rate_zero" time="0.001" /><testcase classname="tests.unit.test_config_validator_comprehensive.TestValidateRate" name="test_invalid_rate_negative" time="0.001" /><testcase classname="tests.unit.test_config_validator_comprehensive.TestValidateRate" name="test_invalid_rate_above_one" time="0.001" /><testcase classname="tests.unit.test_config_validator_comprehensive.TestValidatePositiveInt" name="test_valid_positive_int" time="0.001" /><testcase classname="tests.unit.test_config_validator_comprehensive.TestValidatePositiveInt" name="test_valid_positive_int_with_max" time="0.001" /><testcase classname="tests.unit.test_config_validator_comprehensive.TestValidatePositiveInt" name="test_invalid_not_integer" time="0.001" /><testcase classname="tests.unit.test_config_validator_comprehensive.TestValidatePositiveInt" name="test_invalid_zero" time="0.001" /><testcase classname="tests.unit.test_config_validator_comprehensive.TestValidatePositiveInt" name="test_invalid_negative" time="0.001" /><testcase classname="tests.unit.test_config_validator_comprehensive.TestValidatePositiveInt" name="test_invalid_exceeds_max" time="0.001" /><testcase classname="tests.unit.test_config_validator_comprehensive.TestValidatePositiveInt" name="test_error_message_includes_max" time="0.001" /><testcase classname="tests.unit.test_config_validator_comprehensive.TestValidateFloatRange" name="test_valid_float_range" time="0.001" /><testcase classname="tests.unit.test_config_validator_comprehensive.TestValidateFloatRange" name="test_valid_integer_conversion" time="0.001" /><testcase classname="tests.unit.test_config_validator_comprehensive.TestValidateFloatRange" name="test_invalid_not_numeric" time="0.001" /><testcase classname="tests.unit.test_config_validator_comprehensive.TestValidateFloatRange" name="test_invalid_below_min" time="0.001" /><testcase classname="tests.unit.test_config_validator_comprehensive.TestValidateFloatRange" name="test_invalid_above_max" time="0.001" /><testcase classname="tests.unit.test_config_validator_comprehensive.TestValidateFloatRange" name="test_custom_range" time="0.001" /><testcase classname="tests.unit.test_config_validator_comprehensive.TestValidateLLMWrapperConfig" name="test_valid_config" time="0.001" /><testcase classname="tests.unit.test_config_validator_comprehensive.TestValidateLLMWrapperConfig" name="test_custom_parameters" time="0.001" /><testcase classname="tests.unit.test_config_validator_comprehensive.TestValidateLLMWrapperConfig" name="test_missing_llm_generate_fn" time="0.001" /><testcase classname="tests.unit.test_config_validator_comprehensive.TestValidateLLMWrapperConfig" name="test_non_callable_llm_generate_fn" time="0.001" /><testcase classname="tests.unit.test_config_validator_comprehensive.TestValidateLLMWrapperConfig" name="test_missing_embedding_fn" time="0.001" /><testcase classname="tests.unit.test_config_validator_comprehensive.TestValidateLLMWrapperConfig" name="test_non_callable_embedding_fn" time="0.001" /><testcase classname="tests.unit.test_config_validator_comprehensive.TestValidateMoralFilterConfig" name="test_valid_config" time="0.001" /><testcase classname="tests.unit.test_config_validator_comprehensive.TestValidateMoralFilterConfig" name="test_custom_parameters" time="0.001" /><testcase classname="tests.unit.test_config_validator_comprehensive.TestValidateMoralFilterConfig" name="test_invalid_threshold" time="0.001" /><testcase classname="tests.unit.test_config_validator_comprehensive.TestValidateMoralFilterConfig" name="test_invalid_adapt_rate" time="0.001" /><testcase classname="tests.unit.test_config_validator_comprehensive.TestValidateQILMConfig" name="test_valid_config" time="0.001" /><testcase classname="tests.unit.test_config_validator_comprehensive.TestValidateQILMConfig" name="test_custom_parameters" time="0.001" /><testcase classname="tests.unit.test_config_validator_comprehensive.TestValidateQILMConfig" name="test_invalid_dim" time="0.001" /><testcase classname="tests.unit.test_config_validator_comprehensive.TestValidateConfig" name="test_llm_wrapper_type" time="0.001" /><testcase classname="tests.unit.test_config_validator_comprehensive.TestValidateConfig" name="test_moral_filter_type" time="0.001" /><testcase classname="tests.unit.test_config_validator_comprehensive.TestValidateConfig" name="test_qilm_type" time="0.001" /><testcase classname="tests.unit.test_config_validator_comprehensive.TestValidateConfig" name="test_unknown_component_type" time="0.002" /><testcase classname="tests.unit.test_data_serializer.TestDataSerializerJSON" name="test_save_json" time="0.001" /><testcase classname="tests.unit.test_data_serializer.TestDataSerializerJSON" name="test_load_json" time="0.001" /><testcase classname="tests.unit.test_data_serializer.TestDataSerializerJSON" name="test_save_load_roundtrip_json" time="0.001" /><testcase classname="tests.unit.test_data_serializer.TestDataSerializerNPZ" name="test_save_npz" time="0.001" /><testcase classname="tests.unit.test_data_serializer.TestDataSerializerNPZ" name="test_load_npz" time="0.002" /><testcase classname="tests.unit.test_data_serializer.TestDataSerializerNPZ" name="test_save_load_roundtrip_npz" time="0.002" /><testcase classname="tests.unit.test_data_serializer.TestDataSerializerErrors" name="test_save_unsupported_format" time="0.001" /><testcase classname="tests.unit.test_data_serializer.TestDataSerializerErrors" name="test_load_unsupported_format" time="0.001" /><testcase classname="tests.unit.test_data_serializer.TestDataSerializerErrors" name="test_save_invalid_filepath_type" time="0.001" /><testcase classname="tests.unit.test_data_serializer.TestDataSerializerErrors" name="test_load_invalid_filepath_type" time="0.001" /><testcase classname="tests.unit.test_data_serializer.TestDataSerializerErrors" name="test_load_nonexistent_file" time="0.001" /><testcase classname="tests.unit.test_data_serializer.TestDataSerializerEdgeCases" name="test_save_empty_dict" time="0.001" /><testcase classname="tests.unit.test_data_serializer.TestDataSerializerEdgeCases" name="test_save_nested_structure" time="0.001" /><testcase classname="tests.unit.test_data_serializer.TestDataSerializerEdgeCases" name="test_save_large_array_npz" time="0.003" /><testcase classname="tests.unit.test_embedding_cache.TestEmbeddingCacheConfig" name="test_default_values" time="0.001" /><testcase classname="tests.unit.test_embedding_cache.TestEmbeddingCacheConfig" name="test_custom_values" time="0.001" /><testcase classname="tests.unit.test_embedding_cache.TestEmbeddingCacheStats" name="test_hit_rate_zero_calls" time="0.001" /><testcase classname="tests.unit.test_embedding_cache.TestEmbeddingCacheStats" name="test_hit_rate_all_hits" time="0.001" /><testcase classname="tests.unit.test_embedding_cache.TestEmbeddingCacheStats" name="test_hit_rate_all_misses" time="0.001" /><testcase classname="tests.unit.test_embedding_cache.TestEmbeddingCacheStats" name="test_hit_rate_mixed" time="0.001" /><testcase classname="tests.unit.test_embedding_cache.TestEmbeddingCache" name="test_cache_cr
[...]
estcase classname="tests.unit.test_llm_wrapper_reliability.TestLLMWrapperReliability" name="test_graceful_degradation_to_stateless_mode" time="0.001" /><testcase classname="tests.unit.test_llm_wrapper_reliability.TestLLMWrapperReliability" name="test_memory_error_triggers_stateless_mode" time="0.001" /><testcase classname="tests.unit.test_llm_wrapper_reliability.TestLLMWrapperReliability" name="test_consolidated_reliability_metrics" time="0.003" /><testcase classname="tests.unit.test_llm_wrapper_reliability.TestLLMWrapperReliability" name="test_reset_clears_reliability_state" time="0.001" /><testcase classname="tests.unit.test_llm_wrapper_reliability.TestLLMWrapperReliability" name="test_network_timeout_recovery" time="1.002" /><testcase classname="tests.unit.test_math_constants.TestEpsilonConstants" name="test_epsilon_constants_are_positive" time="0.001" /><testcase classname="tests.unit.test_math_constants.TestEpsilonConstants" name="test_epsilon_constants_are_small" time="0.001" /><testcase classname="tests.unit.test_math_constants.TestEpsilonConstants" name="test_epsilon_log_is_smaller_than_norm" time="0.001" /><testcase classname="tests.unit.test_math_constants.TestIsFiniteScalar" name="test_finite_float" time="0.001" /><testcase classname="tests.unit.test_math_constants.TestIsFiniteScalar" name="test_finite_int" time="0.001" /><testcase classname="tests.unit.test_math_constants.TestIsFiniteScalar" name="test_nan_returns_false" time="0.001" /><testcase classname="tests.unit.test_math_constants.TestIsFiniteScalar" name="test_inf_returns_false" time="0.001" /><testcase classname="tests.unit.test_math_constants.TestIsFiniteScalar" name="test_none_returns_false" time="0.001" /><testcase classname="tests.unit.test_math_constants.TestIsFiniteScalar" name="test_non_numeric_returns_false" time="0.001" /><testcase classname="tests.unit.test_math_constants.TestIsFiniteArray" name="test_finite_array" time="0.001" /><testcase classname="tests.unit.test_math_constants.TestIsFiniteArray" name="test_empty_array" time="0.001" /><testcase classname="tests.unit.test_math_constants.TestIsFiniteArray" name="test_nan_in_array" time="0.001" /><testcase classname="tests.unit.test_math_constants.TestIsFiniteArray" name="test_inf_in_array" time="0.001" /><testcase classname="tests.unit.test_math_constants.TestIsFiniteArray" name="test_non_array_returns_false" time="0.001" /><testcase classname="tests.unit.test_math_constants.TestValidateFinite" name="test_valid_float" time="0.001" /><testcase classname="tests.unit.test_math_constants.TestValidateFinite" name="test_valid_array" time="0.001" /><testcase classname="tests.unit.test_math_constants.TestValidateFinite" name="test_nan_with_default" time="0.001" /><testcase classname="tests.unit.test_math_constants.TestValidateFinite" name="test_nan_without_default_raises" time="0.001" /><testcase classname="tests.unit.test_math_constants.TestValidateFinite" name="test_inf_without_default_raises" time="0.001" /><testcase classname="tests.unit.test_math_constants.TestSafeDivide" name="test_normal_division_scalar" time="0.001" /><testcase classname="tests.unit.test_math_constants.TestSafeDivide" name="test_division_by_zero_scalar" time="0.001" /><testcase classname="tests.unit.test_math_constants.TestSafeDivide" name="test_division_by_small_value_scalar" time="0.001" /><testcase classname="tests.unit.test_math_constants.TestSafeDivide" name="test_normal_division_array" time="0.001" /><testcase classname="tests.unit.test_math_constants.TestSafeDivide" name="test_division_by_zero_array" time="0.001" /><testcase classname="tests.unit.test_math_constants.TestSafeNorm" name="test_normal_vector" time="0.001" /><testcase classname="tests.unit.test_math_constants.TestSafeNorm" name="test_zero_vector" time="0.001" /><testcase classname="tests.unit.test_math_constants.TestSafeNorm" name="test_unit_vector" time="0.001" /><testcase classname="tests.unit.test_math_constants.TestSafeNorm" name="test_extreme_large_magnitude" time="0.001" /><testcase classname="tests.unit.test_math_constants.TestSafeNorm" name="test_extreme_small_magnitude" time="0.001" /><testcase classname="tests.unit.test_math_constants.TestSafeNorm" name="test_mixed_magnitude" time="0.001" /><testcase classname="tests.unit.test_math_constants.TestSafeNorm" name="test_negative_values" time="0.001" /><testcase classname="tests.unit.test_math_constants.TestSafeNorm" name="test_single_element" time="0.001" /><testcase classname="tests.unit.test_math_constants.TestSafeNorm" name="test_large_dimension" time="0.001" /><testcase classname="tests.unit.test_math_constants.TestSafeNorm" name="test_inf_vector" time="0.001" /><testcase classname="tests.unit.test_math_constants.TestSafeNorm" name="test_consistency_with_numpy" time="0.001" /><testcase classname="tests.unit.test_math_constants.TestSafeNormalize" name="test_normal_vector" time="0.001" /><testcase classname="tests.unit.test_math_constants.TestSafeNormalize" name="test_zero_vector" time="0.001" /><testcase classname="tests.unit.test_math_constants.TestSafeNormalize" name="test_very_small_vector" time="0.001" /><testcase classname="tests.unit.test_math_constants.TestSafeNormalize" name="test_negative_vector" time="0.001" /><testcase classname="tests.unit.test_math_constants.TestSafeLog" name="test_normal_value" time="0.001" /><testcase classname="tests.unit.test_math_constants.TestSafeLog" name="test_zero_value" time="0.001" /><testcase classname="tests.unit.test_math_constants.TestSafeLog" name="test_array_values" time="0.001" /><testcase classname="tests.unit.test_math_constants.TestSafeLog2" name="test_normal_value" time="0.001" /><testcase classname="tests.unit.test_math_constants.TestSafeLog2" name="test_zero_value" time="0.001" /><testcase classname="tests.unit.test_math_constants.TestSafeEntropy" name="test_empty_array" time="0.001" /><testcase classname="tests.unit.test_math_constants.TestSafeEntropy" name="test_uniform_distribution" time="0.001" /><testcase classname="tests.unit.test_math_constants.TestSafeEntropy" name="test_varied_values" time="0.001" /><testcase classname="tests.unit.test_math_constants.TestSafeEntropy" name="test_returns_finite" time="0.001" /><testcase classname="tests.unit.test_math_constants.TestCosineSimilarity" name="test_identical_vectors" time="0.001" /><testcase classname="tests.unit.test_math_constants.TestCosineSimilarity" name="test_orthogonal_vectors" time="0.001" /><testcase classname="tests.unit.test_math_constants.TestCosineSimilarity" name="test_opposite_vectors" time="0.001" /><testcase classname="tests.unit.test_math_constants.TestCosineSimilarity" name="test_zero_vector_returns_zero" time="0.001" /><testcase classname="tests.unit.test_math_constants.TestBatchCosineSimilarity" name="test_basic_batch" time="0.001" /><testcase classname="tests.unit.test_math_constants.TestBatchCosineSimilarity" name="test_zero_query" time="0.001" /><testcase classname="tests.unit.test_math_constants.TestBatchCosineSimilarity" name="test_zero_vector_in_batch" time="0.001" /><testcase classname="tests.unit.test_memory_manager.TestMemoryManagerInit" name="test_default_initialization" time="0.001" /><testcase classname="tests.unit.test_memory_manager.TestMemoryManagerInit" name="test_custom_initialization" time="0.001" /><testcase classname="tests.unit.test_memory_manager.TestMemoryManagerInit" name="test_ontology_initialization" time="0.001" /><testcase classname="tests.unit.test_memory_manager.TestSensitiveDetection" name="test_is_sensitive_normal_vector" time="0.001" /><testcase classname="tests.unit.test_memory_manager.TestSensitiveDetection" name="test_is_sensitive_high_norm" time="0.001" /><testcase classname="tests.unit.test_memory_manager.TestSensitiveDetection" name="test_is_sensitive_negative_sum" time="0.001" /><testcase classname="tests.unit.test_memory_manager.TestSensitiveDetection" name="test_is_sensitive_boundary" time="0.001" /><testcase classname="tests.unit.test_memory_manager.TestProcessEvent" name="test_process_event_accepted" time="0.002" /><testcase classname="tests.unit.test_memory_manager.TestProcessEvent" name="test_process_event_rejected" time="0.001" /><testcase classname="tests.unit.test_memory_manager.TestProcessEvent" name="test_process_event_strict_mode_sensitive" time="0.001" /><testcase classname="tests.unit.test_memory_manager.TestProcessEvent" name="test_process_event_adapts_threshold" time="0.002" /><testcase classname="tests.unit.test_memory_manager.TestProcessEvent" name="test_process_event_records_latency" time="0.002" /><testcase classname="tests.unit.test_memory_manager.TestSimulate" name="test_simulate_basic" time="0.002" /><testcase classname="tests.unit.test_memory_manager.TestSimulate" name="test_simulate_dimension_mismatch" time="0.001" /><testcase classname="tests.unit.test_memory_manager.TestSimulate" name="test_simulate_wake_sleep_cycle" time="0.002" /><testcase classname="tests.unit.test_memory_manager.TestRunSimulation" name="test_run_simulation_with_generator" time="0.002" /><testcase classname="tests.unit.test_memory_manager.TestRunSimulation" name="test_run_simulation_default_generator" time="0.002" /><testcase classname="tests.unit.test_memory_manager.TestRunSimulation" name="test_run_simulation_records_memory_state" time="0.002" /><testcase classname="tests.unit.test_memory_manager.TestStatePersistence" name="test_save_system_state" time="0.002" /><testcase classname="tests.unit.test_memory_manager.TestStatePersistence" name="test_load_system_state_restores_memory" time="0.003" /><testcase classname="tests.unit.test_memory_manager.TestStatePersistence" name="test_load_system_state_restores_memory_params" time="0.002" /><testcase classname="tests.unit.test_memory_manager.TestStatePersistence" name="test_load_system_state_restores_qilm" time="0.003" /><testcase classname="tests.unit.test_memory_manager.TestStatePersistence" name="test_load_system_state_save_load_invariants" time="0.003" /><testcase classname="tests.unit.test_memory_manager.TestStatePersistence" name="test_load_system_state_file_not_found" time="0.001" /><testcase classname="tests.unit.test_memory_manager.TestStatePersistence" name="test_load_system_state_corrupt_json" time="0.002" /><testcase classname="tests.unit.test_memory_manager.TestStatePersistence" name="test_load_system_state_missing_keys" time="0.002" /><testcase classname="tests.unit.test_memory_manager.TestStatePersistence" name="test_load_system_state_version_mismatch" time="0.002" /><testcase classname="tests.unit.test_memory_manager.TestStatePersistence" name="test_load_system_state_dimension_mismatch" time="0.003" /><testcase classname="tests.unit.test_memory_manager.TestStatePersistence" name="test_load_system_state_invalid_field_type" time="0.002" /><testcase classname="tests.unit.test_memory_manager.TestStatePersistence" name="test_load_system_state_legacy_no_version" time="0.003" /><testcase classname="tests.unit.test_memory_manager.TestStatePersistence" name="test_load_system_state_root_not_dict" time="0.002" /><testcase classname="tests.unit.test_memory_manager.TestStatePersistence" name="test_load_system_state_memory_state_not_dict" time="0.002" /><testcase classname="tests.unit.test_memory_manager.TestStatePersistence" name="test_load_system_state_qilm_not_dict" time="0.002" /><testcase classname="tests.unit.test_memory_manager.TestStatePersistence" name="test_load_system_state_missing_memory_keys" time="0.002" /><testcase classname="tests.unit.test_memory_manager.TestStatePersistence" name="test_load_system_state_missing_qilm_keys" time="0.002" /><testcase classname="tests.unit.test_memory_manager.TestStatePersistence" name="test_load_system_state_invalid_lambda_types" time="0.002" /><testcase classname="tests.unit.test_memory_manager.TestStatePersistence" name="test_load_system_state_invalid_state_level_type" time="0.002" /><testcase classname="tests.unit.test_memory_manager.TestStatePersistence" name="test_load_system_state_invalid_qilm_memory_type" time="0.002" /><testcase classname="tests.unit.test_memory_manager.TestStatePersistence" name="test_load_system_state_invalid_qilm_phases_type" time="0.002" /><testcase classname="tests.unit.test_memory_manager.TestStatePersistence" name="test_load_system_state_invalid_format_version_type" time="0.002" /><testcase classname="tests.unit.test_memory_manager.TestStatePersistence" name="test_load_system_state_l1_vector_wrong_length" time="0.002" /><testcase classname="tests.unit.test_memory_manager.TestMigrationRegistry" name="test_register_migration_decorator" time="0.002" /><testcase classname="tests.unit.test_memory_manager.TestMigrationRegistry" name="test_migrate_state_with_registered_migration" time="0.001" /><testcase classname="tests.unit.test_memory_manager.TestMigrationRegistry" name="test_migrate_state_no_path_raises_error" time="0.001" /><testcase classname="tests.unit.test_memory_manager.TestMetricsRecording" name="test_metrics_recorded_during_simulation" time="0.002" /><testcase classname="tests.unit.test_memory_manager.TestMetricsRecording" name="test_moral_threshold_tracked" time="0.002" /><testcase classname="tests.unit.test_memory_provenance.TestMemoryProvenanceDataModel" name="test_provenance_creation" time="0.001" /><testcase classname="tests.unit.test_memory_provenance.TestMemoryProvenanceDataModel" name="test_provenance_confidence_validation" time="0.001" /><testcase classname="tests.unit.test_memory_provenance.TestMemoryProvenanceDataModel" name="test_is_high_confidence_property" time="0.001" /><testcase classname="tests.unit.test_memory_provenance.TestMemoryProvenanceDataModel" name="test_is_llm_generated_property" time="0.001" /><testcase classname="tests.unit.test_memory_provenance.TestPELMProvenanceStorage" name="test_store_with_high_confidence" time="0.001" /><testcase classname="tests.unit.test_memory_provenance.TestPELMProvenanceStorage" name="test_reject_low_confidence" time="0.001" /><testcase classname="tests.unit.test_memory_provenance.TestPELMProvenanceStorage" name="test_default_provenance_when_none" time="0.001" /><testcase classname="tests.unit.test_memory_provenance.TestPELMProvenanceRetrieval" name="test_retrieve_filters_by_confidence" time="0.001" /><testcase classname="tests.unit.test_memory_provenance.TestPELMProvenanceRetrieval" name="test_retrieve_returns_provenance" time="0.001" /><testcase classname="tests.unit.test_memory_provenance.TestPELMProvenanceRetrieval" name="test_retrieve_with_zero_min_confidence" time="0.001" /><testcase classname="tests.unit.test_memory_provenance.TestPELMConfidenceBasedEviction" name="test_evict_lowest_confidence" time="0.002" /><testcase classname="tests.unit.test_memory_provenance.TestPELMConfidenceBasedEviction" name="test_eviction_maintains_consistency" time="0.002" /><testcase classname="tests.unit.test_memory_provenance.TestPELMBatchProvenance" name="test_entangle_batch_with_provenance" time="0.001" /><testcase classname="tests.unit.test_memory_provenance.TestPELMBatchProvenance" name="test_entangle_batch_rejects_low_confidence" time="0.001" /><testcase classname="tests.unit.test_memory_provenance.TestPELMBatchProvenance" name="test_entangle_batch_without_provenance" time="0.001" /><testcase classname="tests.unit.test_memory_provenance.TestBackwardCompatibility" name="test_entangle_without_provenance_still_works" time="0.001" /><testcase classname="tests.unit.test_memory_provenance.TestBackwardCompatibility" name="test_retrieve_without_min_confidence_still_works" time="0.001" /><testcase classname="tests.unit.test_metrics_collector.TestMetricsCollectorInit" name="test_initialization" time="0.001" /><testcase classname="tests.unit.test_metrics_collector.TestMetricsCollectorInit" name="test_event_start_is_none" time="0.001" /><testcase classname="tests.unit.test_metrics_collector.TestEventTimer" name="test_start_event_timer" time="0.001" /><testcase classname="tests.unit.test_metrics_collector.TestEventTimer" name="test_stop_event_timer_records_latency" time="0.001" /><testcase classname="tests.unit.test_metrics_collector.TestEventTimer" name="test_stop_event_timer_without_start" time="0.001" /><testcase classname="tests.unit.test_metrics_collector.TestEventTimer" name="test_stop_event_timer_resets_start" time="0.001" /><testcase classname="tests.unit.test_metrics_collector.TestEventTimer" name="test_multiple_events" time="0.001" /><testcase classname="tests.unit.test_metrics_collector.TestEventCounting" name="test_add_latent_event" time="0.001" /><testcase classname="tests.unit.test_metrics_collector.TestEventCounting" name="test_add_accepted_event" time="0.001" /><testcase classname="tests.unit.test_metrics_collector.TestEventCounting" name="test_mixed_event_counts" time="0.001" /><testcase classname="tests.unit.test_metrics_collector.TestEntropy" name="test_entropy_empty_vector" time="0.001" /><testcase classname="tests.unit.test_metrics_collector.TestEntropy" name="test_entropy_uniform_vector" time="0.001" /><testcase classname="tests.unit.test_metrics_collector.TestEntropy" name="test_entropy_non_uniform_vector" time="0.001" /><testcase classname="tests.unit.test_metrics_collector.TestEntropy" name="test_entropy_with_negative_values" time="0.001" /><testcase classname="tests.unit.test_metrics_collector.TestEntropy" name="test_entropy_zero_sum" time="0.001" /><testcase classname="tests.unit.test_metrics_collector.TestEntropy" name="test_entropy_single_element" time="0.001" /><testcase classname="tests.unit.test_metrics_collector.TestRecordMemoryState" name="test_record_memory_state_basic" time="0.001" /><testcase classname="tests.unit.test_metrics_collector.TestRecordMemoryState" name="test_record_memory_state_multiple" time="0.001" /><testcase classname="tests.unit.test_metrics_collector.TestRecordMemoryState" name="test_record_memory_state_computes_norms" time="0.001" /><testcase classname="tests.unit.test_metrics_collector.TestRecordMoralThreshold" name="test_record_moral_threshold" time="0.001" /><testcase classname="tests.unit.test_metrics_collector.TestRecordMoralThreshold" name="test_record_moral_threshold_converts_to_float" time="0.001" /><testcase classname="tests.unit.test_metrics_collector.TestResetMetrics" name="test_reset_metrics_clears_all" time="0.001" /><testcase classname="tests.unit.test_metrics_collector.TestGetMetrics" name="test_get_metrics_returns_dict" time="0.001" /><testcase classname="tests.unit.test_metrics_collector.TestGetMetrics" name="test_get_metrics_returns_same_reference" time="0.001" /><testcase classname="tests.unit.test_metrics_evidence_paths.TestMetricsEvidencePaths" name="test_no_ci_workflow_links_in_metrics_source" time="0.001" /><testcase classname="tests.unit.test_metrics_evidence_paths.TestMetricsEvidencePaths" name="test_evidence_directory_exists" time="0.001" /><testcase classname="tests.unit.test_metrics_evidence_paths.TestMetricsEvidencePaths" name="test_at_least_one_evidence_snapshot_exists" time="0.001" /><testcase classname="tests.unit.test_metrics_evidence_paths.TestMetricsEvidencePaths" name="test_evidence_snapshot_has_required_files" time="0.002"><failure message="AssertionError: Evidence snapshot 2a6b52dd6fd4 is missing required files: ['manifest.json', 'pytest/junit.xml', 'benchmarks/benchmark-metrics.json', 'memory/memory_footprint.json']. Run 'make evidence' to regenerate.&#10;assert not ['manifest.json', 'pytest/junit.xml', 'benchmarks/benchmark-metrics.json', 'memory/memory_footprint.json']">tests/unit/test_metrics_evidence_paths.py:126: in test_evidence_snapshot_has_required_files
    assert not missing, (
E   AssertionError: Evidence snapshot 2a6b52dd6fd4 is missing required files: ['manifest.json', 'pytest/junit.xml', 'benchmarks/benchmark-metrics.json', 'memory/memory_footprint.json']. Run 'make evidence' to regenerate.
E   assert not ['manifest.json', 'pytest/junit.xml', 'benchmarks/benchmark-metrics.json', 'memory/memory_footprint.json']</failure></testcase></testsuite></testsuites>